#
# There is insufficient memory for the Java Runtime Environment to continue.
# Native memory allocation (malloc) failed to allocate 8155280 bytes. Error detail: Chunk::new
# Possible reasons:
#   The system is out of physical RAM or swap space
#   This process is running with CompressedOops enabled, and the Java Heap may be blocking the growth of the native heap
# Possible solutions:
#   Reduce memory load on the system
#   Increase physical memory or swap space
#   Check if swap backing store is full
#   Decrease Java heap size (-Xmx/-Xms)
#   Decrease number of Java threads
#   Decrease Java thread stack sizes (-Xss)
#   Set larger code cache with -XX:ReservedCodeCacheSize=
#   JVM is running with Unscaled Compressed Oops mode in which the Java heap is
#     placed in the first 4GB address space. The Java Heap base address is the
#     maximum limit for the native heap growth. Please use -XX:HeapBaseMinAddress
#     to set the Java Heap base and to place the Java Heap above 4GB virtual address.
# This output file may be truncated or incomplete.
#
#  Out of Memory Error (arena.cpp:162), pid=26156, tid=5844
#
# JRE version: Java(TM) SE Runtime Environment (24.0.1+9) (build 24.0.1+9-30)
# Java VM: Java HotSpot(TM) 64-Bit Server VM (24.0.1+9-30, mixed mode, sharing, tiered, compressed oops, compressed class ptrs, g1 gc, windows-amd64)
# No core dump will be written. Minidumps are not enabled by default on client versions of Windows
#

---------------  S U M M A R Y ------------

Command Line: -javaagent:C:\Program Files\JetBrains\IntelliJ IDEA Community Edition 2025.1.1.1\lib\idea_rt.jar=60289 -Dfile.encoding=UTF-8 -Dsun.stdout.encoding=UTF-8 -Dsun.stderr.encoding=UTF-8 com.userlogin.flightbooking.FlightbookingApplication

Host: Intel(R) Core(TM) i3-1005G1 CPU @ 1.20GHz, 4 cores, 3G,  Windows 10 , 64 bit Build 18362 (10.0.18362.329)
Time: Tue Jun 17 17:22:19 2025 India Standard Time elapsed time: 4.491452 seconds (0d 0h 0m 4s)

---------------  T H R E A D  ---------------

Current thread (0x0000020bc1138a00):  JavaThread "C2 CompilerThread0" daemon [_thread_in_native, id=5844, stack(0x000000438e100000,0x000000438e200000) (1024K)]


Current CompileTask:
C2:4491 3535       4       org.springframework.beans.factory.support.AbstractBeanFactory::isTypeMatch (745 bytes)

Stack: [0x000000438e100000,0x000000438e200000]
Native frames: (J=compiled Java code, j=interpreted, Vv=VM code, C=native code)
V  [jvm.dll+0x730739]  (no source info available)
V  [jvm.dll+0x8d9b23]  (no source info available)
V  [jvm.dll+0x8dc00d]  (no source info available)
V  [jvm.dll+0x8dc683]  (no source info available)
V  [jvm.dll+0x2aa086]  (no source info available)
V  [jvm.dll+0xcedef]  (no source info available)
V  [jvm.dll+0xcf04f]  (no source info available)
V  [jvm.dll+0x154d83]  (no source info available)
V  [jvm.dll+0x735f5f]  (no source info available)
V  [jvm.dll+0x26fa1c]  (no source info available)
V  [jvm.dll+0x26ea3f]  (no source info available)
V  [jvm.dll+0x1e9d60]  (no source info available)
V  [jvm.dll+0x27e1fb]  (no source info available)
V  [jvm.dll+0x27c49a]  (no source info available)
V  [jvm.dll+0x42f456]  (no source info available)
V  [jvm.dll+0x87d76b]  (no source info available)
V  [jvm.dll+0x72ee55]  (no source info available)
C  [ucrtbase.dll+0x20e72]  (no source info available)
C  [KERNEL32.DLL+0x17bd4]  (no source info available)
C  [ntdll.dll+0x6ced1]  (no source info available)

Lock stack of current Java thread (top to bottom):


---------------  P R O C E S S  ---------------

Threads class SMR info:
_java_thread_list=0x0000020bc6571310, length=12, elements={
0x0000020be3bf6de0, 0x0000020bc112f8e0, 0x0000020bc1131710, 0x0000020bc1132630,
0x0000020bc1133250, 0x0000020bc1134e80, 0x0000020bc1135aa0, 0x0000020bc1138a00,
0x0000020bc1156fd0, 0x0000020bc1333790, 0x0000020bc143d020, 0x0000020bc1435a10
}

Java Threads: ( => current thread )
  0x0000020be3bf6de0 JavaThread "main"                              [_thread_in_native, id=20976, stack(0x000000438d300000,0x000000438d400000) (1024K)]
  0x0000020bc112f8e0 JavaThread "Reference Handler"          daemon [_thread_blocked, id=12844, stack(0x000000438db00000,0x000000438dc00000) (1024K)]
  0x0000020bc1131710 JavaThread "Finalizer"                  daemon [_thread_blocked, id=19436, stack(0x000000438dc00000,0x000000438dd00000) (1024K)]
  0x0000020bc1132630 JavaThread "Signal Dispatcher"          daemon [_thread_blocked, id=1116, stack(0x000000438dd00000,0x000000438de00000) (1024K)]
  0x0000020bc1133250 JavaThread "Attach Listener"            daemon [_thread_blocked, id=17400, stack(0x000000438de00000,0x000000438df00000) (1024K)]
  0x0000020bc1134e80 JavaThread "Service Thread"             daemon [_thread_blocked, id=23780, stack(0x000000438df00000,0x000000438e000000) (1024K)]
  0x0000020bc1135aa0 JavaThread "Monitor Deflation Thread"   daemon [_thread_blocked, id=20800, stack(0x000000438e000000,0x000000438e100000) (1024K)]
=>0x0000020bc1138a00 JavaThread "C2 CompilerThread0"         daemon [_thread_in_native, id=5844, stack(0x000000438e100000,0x000000438e200000) (1024K)]
  0x0000020bc1156fd0 JavaThread "C1 CompilerThread0"         daemon [_thread_blocked, id=23216, stack(0x000000438e200000,0x000000438e300000) (1024K)]
  0x0000020bc1333790 JavaThread "Common-Cleaner"             daemon [_thread_blocked, id=20232, stack(0x000000438e300000,0x000000438e400000) (1024K)]
  0x0000020bc143d020 JavaThread "Monitor Ctrl-Break"         daemon [_thread_in_native, id=23456, stack(0x000000438e400000,0x000000438e500000) (1024K)]
  0x0000020bc1435a10 JavaThread "Notification Thread"        daemon [_thread_blocked, id=6196, stack(0x000000438e500000,0x000000438e600000) (1024K)]
Total: 12

Other Threads:
  0x0000020bc11222e0 VMThread "VM Thread"                           [id=14852, stack(0x000000438da00000,0x000000438db00000) (1024K)]
  0x0000020bc111d520 WatcherThread "VM Periodic Task Thread"        [id=292, stack(0x000000438d900000,0x000000438da00000) (1024K)]
  0x0000020be3c2e420 WorkerThread "GC Thread#0"                     [id=15208, stack(0x000000438d400000,0x000000438d500000) (1024K)]
  0x0000020bc60dce30 WorkerThread "GC Thread#1"                     [id=10696, stack(0x000000438e600000,0x000000438e700000) (1024K)]
  0x0000020bc6133700 WorkerThread "GC Thread#2"                     [id=7108, stack(0x000000438e700000,0x000000438e800000) (1024K)]
  0x0000020bc61b2290 WorkerThread "GC Thread#3"                     [id=12820, stack(0x000000438e900000,0x000000438ea00000) (1024K)]
  0x0000020be3c38ca0 ConcurrentGCThread "G1 Main Marker"            [id=6400, stack(0x000000438d500000,0x000000438d600000) (1024K)]
  0x0000020be3c3a3d0 WorkerThread "G1 Conc#0"                       [id=20204, stack(0x000000438d600000,0x000000438d700000) (1024K)]
  0x0000020be3c93070 ConcurrentGCThread "G1 Refine#0"               [id=23568, stack(0x000000438d700000,0x000000438d800000) (1024K)]
  0x0000020be3c93e10 ConcurrentGCThread "G1 Service"                [id=5912, stack(0x000000438d800000,0x000000438d900000) (1024K)]
Total: 10

Threads with active compile tasks:
C2 CompilerThread0  4568 3535       4       org.springframework.beans.factory.support.AbstractBeanFactory::isTypeMatch (745 bytes)
Total: 1

VM state: not at safepoint (normal execution)

VM Mutex/Monitor currently owned by a thread: None

Heap address: 0x00000000c3200000, size: 974 MB, Compressed Oops mode: 32-bit

CDS archive(s) mapped at: [0x0000020b80000000-0x0000020b80d40000-0x0000020b80d40000), size 13893632, SharedBaseAddress: 0x0000020b80000000, ArchiveRelocationMode: 1.
Compressed class space mapped at: 0x0000020b81000000-0x0000020bc1000000, reserved size: 1073741824
UseCompressedClassPointers 1, UseCompactObjectHeaders 0
Narrow klass pointer bits 32, Max shift 3
Narrow klass base: 0x0000020b80000000, Narrow klass shift: 0
Encoding Range: [0x0000020b80000000 - 0x0000020c80000000), (4294967296 bytes)
Klass Range:    [0x0000020b80000000 - 0x0000020bc1000000), (1090519040 bytes)
Klass ID Range:  [8 - 1090519033) (1090519025)

GC Precious Log:
 CardTable entry size: 512
 Card Set container configuration: InlinePtr #cards 5 size 8 Array Of Cards #cards 10 size 36 Howl #buckets 4 coarsen threshold 1843 Howl Bitmap #cards 512 size 80 coarsen threshold 460 Card regions per heap region 1 cards per card region 2048
 CPUs: 4 total, 4 available
 Memory: 3891M
 Large Page Support: Disabled
 NUMA Support: Disabled
 Compressed Oops: Enabled (32-bit)
 Heap Region Size: 1M
 Heap Min Capacity: 8M
 Heap Initial Capacity: 62M
 Heap Max Capacity: 974M
 Pre-touch: Disabled
 Parallel Workers: 4
 Concurrent Workers: 1
 Concurrent Refinement Workers: 4
 Periodic GC: Disabled

Heap:
 garbage-first heap   total reserved 997376K, committed 58368K, used 28118K [0x00000000c3200000, 0x0000000100000000)
  region size 1024K, 15 young (15360K), 2 survivors (2048K)
 Metaspace       used 23217K, committed 23424K, reserved 1114112K
  class space    used 2274K, committed 2368K, reserved 1048576K

Heap Regions: E=young(eden), S=young(survivor), O=old, HS=humongous(starts), HC=humongous(continues), CS=collection set, F=free, TAMS=top-at-mark-start, PB=parsable bottom
|   0|0x00000000c3200000, 0x00000000c3300000, 0x00000000c3300000|100%|HS|  |TAMS 0x00000000c3200000| PB 0x00000000c3200000| Complete |  0
|   1|0x00000000c3300000, 0x00000000c3400000, 0x00000000c3400000|100%|HS|  |TAMS 0x00000000c3300000| PB 0x00000000c3300000| Complete |  0
|   2|0x00000000c3400000, 0x00000000c3500000, 0x00000000c3500000|100%| O|  |TAMS 0x00000000c3400000| PB 0x00000000c3400000| Untracked |  0
|   3|0x00000000c3500000, 0x00000000c3600000, 0x00000000c3600000|100%| O|  |TAMS 0x00000000c3500000| PB 0x00000000c3500000| Untracked |  0
|   4|0x00000000c3600000, 0x00000000c3700000, 0x00000000c3700000|100%| O|  |TAMS 0x00000000c3600000| PB 0x00000000c3600000| Untracked |  0
|   5|0x00000000c3700000, 0x00000000c3800000, 0x00000000c3800000|100%| O|  |TAMS 0x00000000c3700000| PB 0x00000000c3700000| Untracked |  0
|   6|0x00000000c3800000, 0x00000000c3900000, 0x00000000c3900000|100%| O|  |TAMS 0x00000000c3800000| PB 0x00000000c3800000| Untracked |  0
|   7|0x00000000c3900000, 0x00000000c3a00000, 0x00000000c3a00000|100%| O|  |TAMS 0x00000000c3900000| PB 0x00000000c3900000| Untracked |  0
|   8|0x00000000c3a00000, 0x00000000c3b00000, 0x00000000c3b00000|100%| O|  |TAMS 0x00000000c3a00000| PB 0x00000000c3a00000| Untracked |  0
|   9|0x00000000c3b00000, 0x00000000c3c00000, 0x00000000c3c00000|100%| O|  |TAMS 0x00000000c3b00000| PB 0x00000000c3b00000| Untracked |  0
|  10|0x00000000c3c00000, 0x00000000c3d00000, 0x00000000c3d00000|100%| O|  |TAMS 0x00000000c3c00000| PB 0x00000000c3c00000| Untracked |  0
|  11|0x00000000c3d00000, 0x00000000c3e00000, 0x00000000c3e00000|100%| O|  |TAMS 0x00000000c3d00000| PB 0x00000000c3d00000| Untracked |  0
|  12|0x00000000c3e00000, 0x00000000c3f00000, 0x00000000c3f00000|100%| O|  |TAMS 0x00000000c3e00000| PB 0x00000000c3e00000| Untracked |  0
|  13|0x00000000c3f00000, 0x00000000c3f00000, 0x00000000c4000000|  0%| F|  |TAMS 0x00000000c3f00000| PB 0x00000000c3f00000| Untracked |  0
|  14|0x00000000c4000000, 0x00000000c4000000, 0x00000000c4100000|  0%| F|  |TAMS 0x00000000c4000000| PB 0x00000000c4000000| Untracked |  0
|  15|0x00000000c4100000, 0x00000000c4100000, 0x00000000c4200000|  0%| F|  |TAMS 0x00000000c4100000| PB 0x00000000c4100000| Untracked |  0
|  16|0x00000000c4200000, 0x00000000c4200000, 0x00000000c4300000|  0%| F|  |TAMS 0x00000000c4200000| PB 0x00000000c4200000| Untracked |  0
|  17|0x00000000c4300000, 0x00000000c4300000, 0x00000000c4400000|  0%| F|  |TAMS 0x00000000c4300000| PB 0x00000000c4300000| Untracked |  0
|  18|0x00000000c4400000, 0x00000000c4400000, 0x00000000c4500000|  0%| F|  |TAMS 0x00000000c4400000| PB 0x00000000c4400000| Untracked |  0
|  19|0x00000000c4500000, 0x00000000c4500000, 0x00000000c4600000|  0%| F|  |TAMS 0x00000000c4500000| PB 0x00000000c4500000| Untracked |  0
|  20|0x00000000c4600000, 0x00000000c4600000, 0x00000000c4700000|  0%| F|  |TAMS 0x00000000c4600000| PB 0x00000000c4600000| Untracked |  0
|  21|0x00000000c4700000, 0x00000000c4700000, 0x00000000c4800000|  0%| F|  |TAMS 0x00000000c4700000| PB 0x00000000c4700000| Untracked |  0
|  22|0x00000000c4800000, 0x00000000c4800000, 0x00000000c4900000|  0%| F|  |TAMS 0x00000000c4800000| PB 0x00000000c4800000| Untracked |  0
|  23|0x00000000c4900000, 0x00000000c4900000, 0x00000000c4a00000|  0%| F|  |TAMS 0x00000000c4900000| PB 0x00000000c4900000| Untracked |  0
|  24|0x00000000c4a00000, 0x00000000c4a00000, 0x00000000c4b00000|  0%| F|  |TAMS 0x00000000c4a00000| PB 0x00000000c4a00000| Untracked |  0
|  25|0x00000000c4b00000, 0x00000000c4b00000, 0x00000000c4c00000|  0%| F|  |TAMS 0x00000000c4b00000| PB 0x00000000c4b00000| Untracked |  0
|  26|0x00000000c4c00000, 0x00000000c4c00000, 0x00000000c4d00000|  0%| F|  |TAMS 0x00000000c4c00000| PB 0x00000000c4c00000| Untracked |  0
|  27|0x00000000c4d00000, 0x00000000c4d00000, 0x00000000c4e00000|  0%| F|  |TAMS 0x00000000c4d00000| PB 0x00000000c4d00000| Untracked |  0
|  28|0x00000000c4e00000, 0x00000000c4e00000, 0x00000000c4f00000|  0%| F|  |TAMS 0x00000000c4e00000| PB 0x00000000c4e00000| Untracked |  0
|  29|0x00000000c4f00000, 0x00000000c4f00000, 0x00000000c5000000|  0%| F|  |TAMS 0x00000000c4f00000| PB 0x00000000c4f00000| Untracked |  0
|  30|0x00000000c5000000, 0x00000000c5000000, 0x00000000c5100000|  0%| F|  |TAMS 0x00000000c5000000| PB 0x00000000c5000000| Untracked |  0
|  31|0x00000000c5100000, 0x00000000c5100000, 0x00000000c5200000|  0%| F|  |TAMS 0x00000000c5100000| PB 0x00000000c5100000| Untracked |  0
|  32|0x00000000c5200000, 0x00000000c5200000, 0x00000000c5300000|  0%| F|  |TAMS 0x00000000c5200000| PB 0x00000000c5200000| Untracked |  0
|  33|0x00000000c5300000, 0x00000000c5300000, 0x00000000c5400000|  0%| F|  |TAMS 0x00000000c5300000| PB 0x00000000c5300000| Untracked |  0
|  34|0x00000000c5400000, 0x00000000c5400000, 0x00000000c5500000|  0%| F|  |TAMS 0x00000000c5400000| PB 0x00000000c5400000| Untracked |  0
|  35|0x00000000c5500000, 0x00000000c5500000, 0x00000000c5600000|  0%| F|  |TAMS 0x00000000c5500000| PB 0x00000000c5500000| Untracked |  0
|  36|0x00000000c5600000, 0x00000000c5600000, 0x00000000c5700000|  0%| F|  |TAMS 0x00000000c5600000| PB 0x00000000c5600000| Untracked |  0
|  37|0x00000000c5700000, 0x00000000c5700000, 0x00000000c5800000|  0%| F|  |TAMS 0x00000000c5700000| PB 0x00000000c5700000| Untracked |  0
|  38|0x00000000c5800000, 0x00000000c5800000, 0x00000000c5900000|  0%| F|  |TAMS 0x00000000c5800000| PB 0x00000000c5800000| Untracked |  0
|  39|0x00000000c5900000, 0x00000000c5900000, 0x00000000c5a00000|  0%| F|  |TAMS 0x00000000c5900000| PB 0x00000000c5900000| Untracked |  0
|  40|0x00000000c5a00000, 0x00000000c5a78e60, 0x00000000c5b00000| 47%| E|  |TAMS 0x00000000c5a00000| PB 0x00000000c5a00000| Complete |  0
|  41|0x00000000c5b00000, 0x00000000c5c00000, 0x00000000c5c00000|100%| E|CS|TAMS 0x00000000c5b00000| PB 0x00000000c5b00000| Complete |  0
|  42|0x00000000c5c00000, 0x00000000c5d00000, 0x00000000c5d00000|100%| E|CS|TAMS 0x00000000c5c00000| PB 0x00000000c5c00000| Complete |  0
|  43|0x00000000c5d00000, 0x00000000c5e00000, 0x00000000c5e00000|100%| E|CS|TAMS 0x00000000c5d00000| PB 0x00000000c5d00000| Complete |  0
|  44|0x00000000c5e00000, 0x00000000c5f00000, 0x00000000c5f00000|100%| E|CS|TAMS 0x00000000c5e00000| PB 0x00000000c5e00000| Complete |  0
|  45|0x00000000c5f00000, 0x00000000c6000000, 0x00000000c6000000|100%| E|CS|TAMS 0x00000000c5f00000| PB 0x00000000c5f00000| Complete |  0
|  46|0x00000000c6000000, 0x00000000c6100000, 0x00000000c6100000|100%| E|CS|TAMS 0x00000000c6000000| PB 0x00000000c6000000| Complete |  0
|  47|0x00000000c6100000, 0x00000000c6158700, 0x00000000c6200000| 34%| S|CS|TAMS 0x00000000c6100000| PB 0x00000000c6100000| Complete |  0
|  48|0x00000000c6200000, 0x00000000c6300000, 0x00000000c6300000|100%| S|CS|TAMS 0x00000000c6200000| PB 0x00000000c6200000| Complete |  0
|  49|0x00000000c6300000, 0x00000000c6400000, 0x00000000c6400000|100%| E|CS|TAMS 0x00000000c6300000| PB 0x00000000c6300000| Complete |  0
|  50|0x00000000c6400000, 0x00000000c6500000, 0x00000000c6500000|100%| E|CS|TAMS 0x00000000c6400000| PB 0x00000000c6400000| Complete |  0
|  51|0x00000000c6500000, 0x00000000c6600000, 0x00000000c6600000|100%| E|CS|TAMS 0x00000000c6500000| PB 0x00000000c6500000| Complete |  0
|  52|0x00000000c6600000, 0x00000000c6700000, 0x00000000c6700000|100%| E|CS|TAMS 0x00000000c6600000| PB 0x00000000c6600000| Complete |  0
|  53|0x00000000c6700000, 0x00000000c6800000, 0x00000000c6800000|100%| E|CS|TAMS 0x00000000c6700000| PB 0x00000000c6700000| Complete |  0
|  61|0x00000000c6f00000, 0x00000000c7000000, 0x00000000c7000000|100%| E|CS|TAMS 0x00000000c6f00000| PB 0x00000000c6f00000| Complete |  0
| 972|0x00000000ffe00000, 0x00000000fff00000, 0x00000000fff00000|100%| O|  |TAMS 0x00000000ffe00000| PB 0x00000000ffe00000| Untracked |  0
| 973|0x00000000fff00000, 0x00000000fff1d1c0, 0x0000000100000000| 11%| O|Cm|TAMS 0x00000000fff00000| PB 0x00000000fff00000| Complete |  0

Card table byte_map: [0x0000020bfb680000,0x0000020bfb870000] _byte_map_base: 0x0000020bfb067000

Marking Bits: (CMBitMap*) 0x0000020be3c2eb30
 Bits: [0x0000020bfb870000, 0x0000020bfc7a8000)

Polling page: 0x0000020be1be0000

Metaspace:

Usage:
  Non-class:     20.45 MB used.
      Class:      2.22 MB used.
       Both:     22.67 MB used.

Virtual space:
  Non-class space:       64.00 MB reserved,      20.56 MB ( 32%) committed,  1 nodes.
      Class space:        1.00 GB reserved,       2.31 MB ( <1%) committed,  1 nodes.
             Both:        1.06 GB reserved,      22.88 MB (  2%) committed. 

Chunk freelists:
   Non-Class:  10.77 MB
       Class:  13.69 MB
        Both:  24.46 MB

MaxMetaspaceSize: unlimited
CompressedClassSpaceSize: 1.00 GB
Initial GC threshold: 21.00 MB
Current GC threshold: 35.13 MB
CDS: on
 - commit_granule_bytes: 65536.
 - commit_granule_words: 8192.
 - virtual_space_node_default_size: 8388608.
 - enlarge_chunks_in_place: 1.
UseCompressedClassPointers 1, UseCompactObjectHeaders 0
Narrow klass pointer bits 32, Max shift 3
Narrow klass base: 0x0000020b80000000, Narrow klass shift: 0
Encoding Range: [0x0000020b80000000 - 0x0000020c80000000), (4294967296 bytes)
Klass Range:    [0x0000020b80000000 - 0x0000020bc1000000), (1090519040 bytes)
Klass ID Range:  [8 - 1090519033) (1090519025)


Internal statistics:

num_allocs_failed_limit: 3.
num_arena_births: 238.
num_arena_deaths: 0.
num_vsnodes_births: 2.
num_vsnodes_deaths: 0.
num_space_committed: 366.
num_space_uncommitted: 0.
num_chunks_returned_to_freelist: 3.
num_chunks_taken_from_freelist: 946.
num_chunk_merges: 3.
num_chunk_splits: 690.
num_chunks_enlarged: 553.
num_inconsistent_stats: 0.

CodeHeap 'non-profiled nmethods': size=120064Kb used=1153Kb max_used=1153Kb free=118910Kb
 bounds [0x0000020bf3f50000, 0x0000020bf41c0000, 0x0000020bfb490000]
CodeHeap 'profiled nmethods': size=120000Kb used=6392Kb max_used=6392Kb free=113607Kb
 bounds [0x0000020bec490000, 0x0000020becad0000, 0x0000020bf39c0000]
CodeHeap 'non-nmethods': size=5696Kb used=1494Kb max_used=1541Kb free=4201Kb
 bounds [0x0000020bf39c0000, 0x0000020bf3c30000, 0x0000020bf3f50000]
CodeCache: size=245760Kb, used=9039Kb, max_used=9086Kb, free=236718Kb
 total_blobs=4162, nmethods=3630, adapters=436, full_count=0
Compilation: enabled, stopped_count=0, restarted_count=0

Compilation events (20 events):
Event: 4.422 Thread 0x0000020bc1156fd0 nmethod 3582 0x0000020becaaa888 code [0x0000020becaaa9c0, 0x0000020becaaad30]
Event: 4.422 Thread 0x0000020bc1156fd0 3583       3       jdk.internal.classfile.impl.AbstractAttributeMapper$StackMapTableMapper::writeBody (11 bytes)
Event: 4.422 Thread 0x0000020bc1156fd0 nmethod 3583 0x0000020becaaad88 code [0x0000020becaaaea0, 0x0000020becaab048]
Event: 4.435 Thread 0x0000020bc1156fd0 3584   !   3       java.util.concurrent.CopyOnWriteArrayList::add (46 bytes)
Event: 4.435 Thread 0x0000020bc1156fd0 nmethod 3584 0x0000020becaab088 code [0x0000020becaab1e0, 0x0000020becaab8f0]
Event: 4.439 Thread 0x0000020bc1156fd0 3585       3       java.lang.invoke.MethodHandles$Lookup::getDirectMethodCommon (289 bytes)
Event: 4.441 Thread 0x0000020bc1156fd0 nmethod 3585 0x0000020becaab988 code [0x0000020becaabc40, 0x0000020becaad598]
Event: 4.447 Thread 0x0000020bc1156fd0 3586       3       java.util.Properties$LineReader::readLine (584 bytes)
Event: 4.450 Thread 0x0000020bc1156fd0 nmethod 3586 0x0000020becaad608 code [0x0000020becaad980, 0x0000020becab0180]
Event: 4.450 Thread 0x0000020bc1156fd0 3587       1       java.util.ArrayList$ArrayListSpliterator::characteristics (4 bytes)
Event: 4.450 Thread 0x0000020bc1156fd0 nmethod 3587 0x0000020bf406e408 code [0x0000020bf406e500, 0x0000020bf406e5c8]
Event: 4.480 Thread 0x0000020bc1156fd0 3589       3       java.lang.invoke.ClassSpecializer$SpeciesData::getterFunction (78 bytes)
Event: 4.480 Thread 0x0000020bc1156fd0 nmethod 3589 0x0000020becab0208 code [0x0000020becab0340, 0x0000020becab0618]
Event: 4.483 Thread 0x0000020bc1156fd0 3590       3       java.util.regex.Pattern$Slice::match (79 bytes)
Event: 4.483 Thread 0x0000020bc1156fd0 nmethod 3590 0x0000020becab0688 code [0x0000020becab07e0, 0x0000020becab0c48]
Event: 4.484 Thread 0x0000020bc1156fd0 3591       3       java.lang.Character::codePointBefore (48 bytes)
Event: 4.484 Thread 0x0000020bc1156fd0 nmethod 3591 0x0000020becab0c88 code [0x0000020becab0de0, 0x0000020becab1348]
Event: 4.484 Thread 0x0000020bc1156fd0 3592       3       org.springframework.util.AntPathMatcher::getStringMatcher (102 bytes)
Event: 4.485 Thread 0x0000020bc1156fd0 nmethod 3592 0x0000020becab1388 code [0x0000020becab1540, 0x0000020becab2010]
Event: 4.485 Thread 0x0000020bc1156fd0 3593       3       org.springframework.util.AntPathMatcher$AntPathStringMatcher::matchStrings (181 bytes)

GC Heap History (8 events):
Event: 1.872 GC heap before
{Heap before GC invocations=0 (full 0):
 garbage-first heap   total reserved 997376K, committed 65536K, used 31860K [0x00000000c3200000, 0x0000000100000000)
  region size 1024K, 28 young (28672K), 0 survivors (0K)
 Metaspace       used 7167K, committed 7424K, reserved 1114112K
  class space    used 711K, committed 832K, reserved 1048576K
}
Event: 1.884 GC heap after
{Heap after GC invocations=1 (full 0):
 garbage-first heap   total reserved 997376K, committed 65536K, used 9364K [0x00000000c3200000, 0x0000000100000000)
  region size 1024K, 4 young (4096K), 4 survivors (4096K)
 Metaspace       used 7167K, committed 7424K, reserved 1114112K
  class space    used 711K, committed 832K, reserved 1048576K
}
Event: 2.622 GC heap before
{Heap before GC invocations=1 (full 0):
 garbage-first heap   total reserved 997376K, committed 65536K, used 31892K [0x00000000c3200000, 0x0000000100000000)
  region size 1024K, 27 young (27648K), 4 survivors (4096K)
 Metaspace       used 14040K, committed 14272K, reserved 1114112K
  class space    used 1352K, committed 1408K, reserved 1048576K
}
Event: 2.630 GC heap after
{Heap after GC invocations=2 (full 0):
 garbage-first heap   total reserved 997376K, committed 65536K, used 12104K [0x00000000c3200000, 0x0000000100000000)
  region size 1024K, 3 young (3072K), 3 survivors (3072K)
 Metaspace       used 14040K, committed 14272K, reserved 1114112K
  class space    used 1352K, committed 1408K, reserved 1048576K
}
Event: 3.581 GC heap before
{Heap before GC invocations=2 (full 0):
 garbage-first heap   total reserved 997376K, committed 65536K, used 38728K [0x00000000c3200000, 0x0000000100000000)
  region size 1024K, 29 young (29696K), 3 survivors (3072K)
 Metaspace       used 19857K, committed 20160K, reserved 1114112K
  class space    used 1927K, committed 2048K, reserved 1048576K
}
Event: 3.587 GC heap after
{Heap after GC invocations=3 (full 0):
 garbage-first heap   total reserved 997376K, committed 65536K, used 14888K [0x00000000c3200000, 0x0000000100000000)
  region size 1024K, 4 young (4096K), 4 survivors (4096K)
 Metaspace       used 19857K, committed 20160K, reserved 1114112K
  class space    used 1927K, committed 2048K, reserved 1048576K
}
Event: 4.097 GC heap before
{Heap before GC invocations=3 (full 0):
 garbage-first heap   total reserved 997376K, committed 65536K, used 27176K [0x00000000c3200000, 0x0000000100000000)
  region size 1024K, 17 young (17408K), 4 survivors (4096K)
 Metaspace       used 21224K, committed 21504K, reserved 1114112K
  class space    used 2045K, committed 2176K, reserved 1048576K
}
Event: 4.107 GC heap after
{Heap after GC invocations=4 (full 0):
 garbage-first heap   total reserved 997376K, committed 65536K, used 15830K [0x00000000c3200000, 0x0000000100000000)
  region size 1024K, 2 young (2048K), 2 survivors (2048K)
 Metaspace       used 21224K, committed 21504K, reserved 1114112K
  class space    used 2045K, committed 2176K, reserved 1048576K
}

Dll operation events (10 events):
Event: 0.050 Loaded shared library C:\Program Files\Java\jdk-24\bin\java.dll
Event: 0.157 Loaded shared library C:\Program Files\Java\jdk-24\bin\jsvml.dll
Event: 0.422 Loaded shared library C:\Program Files\Java\jdk-24\bin\zip.dll
Event: 0.428 Loaded shared library C:\Program Files\Java\jdk-24\bin\instrument.dll
Event: 0.434 Loaded shared library C:\Program Files\Java\jdk-24\bin\net.dll
Event: 0.439 Loaded shared library C:\Program Files\Java\jdk-24\bin\nio.dll
Event: 0.445 Loaded shared library C:\Program Files\Java\jdk-24\bin\zip.dll
Event: 0.737 Loaded shared library C:\Program Files\Java\jdk-24\bin\extnet.dll
Event: 0.828 Loaded shared library C:\Program Files\Java\jdk-24\bin\jimage.dll
Event: 3.167 Loaded shared library C:\Program Files\Java\jdk-24\bin\sunmscapi.dll

Deoptimization events (20 events):
Event: 4.356 Thread 0x0000020be3bf6de0 Uncommon trap: trap_request=0xffffff4d fr.pc=0x0000020bf400614c relative=0x0000000000000c4c
Event: 4.356 Thread 0x0000020be3bf6de0 Uncommon trap: reason=unstable_if action=reinterpret pc=0x0000020bf400614c method=java.util.concurrent.ConcurrentHashMap.putVal(Ljava/lang/Object;Ljava/lang/Object;Z)Ljava/lang/Object; @ 148 c2
Event: 4.356 Thread 0x0000020be3bf6de0 DEOPT PACKING pc=0x0000020bf400614c sp=0x000000438d3fe390
Event: 4.356 Thread 0x0000020be3bf6de0 DEOPT UNPACKING pc=0x0000020bf3ae2282 sp=0x000000438d3fe320 mode 2
Event: 4.447 Thread 0x0000020be3bf6de0 Uncommon trap: trap_request=0xffffff4d fr.pc=0x0000020bf4026eb0 relative=0x0000000000000bb0
Event: 4.447 Thread 0x0000020be3bf6de0 Uncommon trap: reason=unstable_if action=reinterpret pc=0x0000020bf4026eb0 method=java.util.Properties$LineReader.readLine()I @ 249 c2
Event: 4.447 Thread 0x0000020be3bf6de0 DEOPT PACKING pc=0x0000020bf4026eb0 sp=0x000000438d3fe5c0
Event: 4.447 Thread 0x0000020be3bf6de0 DEOPT UNPACKING pc=0x0000020bf3ae2282 sp=0x000000438d3fe540 mode 2
Event: 4.448 Thread 0x0000020be3bf6de0 Uncommon trap: trap_request=0xffffff4d fr.pc=0x0000020bf40203c0 relative=0x0000000000000b20
Event: 4.448 Thread 0x0000020be3bf6de0 Uncommon trap: reason=unstable_if action=reinterpret pc=0x0000020bf40203c0 method=java.util.Properties$LineReader.readLine()I @ 395 c2
Event: 4.448 Thread 0x0000020be3bf6de0 DEOPT PACKING pc=0x0000020bf40203c0 sp=0x000000438d3fe5b0
Event: 4.448 Thread 0x0000020be3bf6de0 DEOPT UNPACKING pc=0x0000020bf3ae2282 sp=0x000000438d3fe540 mode 2
Event: 4.448 Thread 0x0000020be3bf6de0 Uncommon trap: trap_request=0xffffff4d fr.pc=0x0000020bf4008030 relative=0x0000000000000c10
Event: 4.448 Thread 0x0000020be3bf6de0 Uncommon trap: reason=unstable_if action=reinterpret pc=0x0000020bf4008030 method=java.util.Properties$LineReader.readLine()I @ 249 c2
Event: 4.448 Thread 0x0000020be3bf6de0 DEOPT PACKING pc=0x0000020bf4008030 sp=0x000000438d3fe5b0
Event: 4.448 Thread 0x0000020be3bf6de0 DEOPT UNPACKING pc=0x0000020bf3ae2282 sp=0x000000438d3fe540 mode 2
Event: 4.466 Thread 0x0000020be3bf6de0 Uncommon trap: trap_request=0xffffff4d fr.pc=0x0000020bf405e320 relative=0x0000000000000620
Event: 4.466 Thread 0x0000020be3bf6de0 Uncommon trap: reason=unstable_if action=reinterpret pc=0x0000020bf405e320 method=org.springframework.beans.factory.support.AbstractBeanFactory.getMergedLocalBeanDefinition(Ljava/lang/String;)Lorg/springframework/beans/factory/support/RootBeanDefinition; 
Event: 4.466 Thread 0x0000020be3bf6de0 DEOPT PACKING pc=0x0000020bf405e320 sp=0x000000438d3fe380
Event: 4.466 Thread 0x0000020be3bf6de0 DEOPT UNPACKING pc=0x0000020bf3ae2282 sp=0x000000438d3fe328 mode 2

Classes loaded (20 events):
Event: 3.331 Loading class javax/naming/ldap/LdapContext
Event: 3.331 Loading class javax/naming/directory/DirContext
Event: 3.331 Loading class javax/naming/directory/DirContext done
Event: 3.331 Loading class javax/naming/ldap/LdapContext done
Event: 3.407 Loading class java/lang/invoke/TypeConvertingMethodAdapter$BoxHolder
Event: 3.408 Loading class java/lang/invoke/TypeConvertingMethodAdapter$BoxHolder done
Event: 3.488 Loading class java/util/stream/Streams$ConcatSpliterator$OfRef
Event: 3.488 Loading class java/util/stream/Streams$ConcatSpliterator
Event: 3.488 Loading class java/util/stream/Streams$ConcatSpliterator done
Event: 3.488 Loading class java/util/stream/Streams$ConcatSpliterator$OfRef done
Event: 3.488 Loading class java/util/stream/Streams$2
Event: 3.488 Loading class java/util/stream/Streams$2 done
Event: 3.660 Loading class java/security/AccessControlException
Event: 3.660 Loading class java/security/AccessControlException done
Event: 3.667 Loading class java/beans/PropertyVetoException
Event: 3.667 Loading class java/beans/PropertyVetoException done
Event: 4.328 Loading class java/lang/UnsupportedClassVersionError
Event: 4.328 Loading class java/lang/ClassFormatError
Event: 4.328 Loading class java/lang/ClassFormatError done
Event: 4.328 Loading class java/lang/UnsupportedClassVersionError done

Classes unloaded (0 events):
No events

Classes redefined (0 events):
No events

Internal exceptions (20 events):
Event: 1.933 Thread 0x0000020be3bf6de0 Exception <a 'java/lang/NoSuchMethodError'{0x00000000c6e19990}: 'void java.lang.invoke.DirectMethodHandle$Holder.invokeInterface(java.lang.Object, java.lang.Object, java.lang.Object)'> (0x00000000c6e19990) 
thrown [s\open\src\hotspot\share\interpreter\linkResolver.cpp, line 805]
Event: 1.965 Thread 0x0000020be3bf6de0 Exception <a 'java/lang/NoSuchMethodError'{0x00000000c6e99460}: 'void java.lang.invoke.DirectMethodHandle$Holder.invokeStatic(java.lang.Object, java.lang.Object, int)'> (0x00000000c6e99460) 
thrown [s\open\src\hotspot\share\interpreter\linkResolver.cpp, line 805]
Event: 1.991 Thread 0x0000020be3bf6de0 Exception <a 'java/lang/NoSuchMethodError'{0x00000000c6d00b38}: 'void java.lang.invoke.DirectMethodHandle$Holder.invokeStaticInit(java.lang.Object, java.lang.Object, java.lang.Object)'> (0x00000000c6d00b38) 
thrown [s\open\src\hotspot\share\interpreter\linkResolver.cpp, line 805]
Event: 2.042 Thread 0x0000020be3bf6de0 Exception <a 'java/lang/NoSuchMethodError'{0x00000000c6d56298}: 'java.lang.Object java.lang.invoke.DirectMethodHandle$Holder.invokeVirtual(java.lang.Object, java.lang.Object, java.lang.Object)'> (0x00000000c6d56298) 
thrown [s\open\src\hotspot\share\interpreter\linkResolver.cpp, line 805]
Event: 2.074 Thread 0x0000020be3bf6de0 Exception <a 'java/lang/NoSuchMethodError'{0x00000000c6c1fb18}: 'void java.lang.invoke.DirectMethodHandle$Holder.invokeVirtual(java.lang.Object, java.lang.Object, java.lang.Object, java.lang.Object)'> (0x00000000c6c1fb18) 
thrown [s\open\src\hotspot\share\interpreter\linkResolver.cpp, line 805]
Event: 2.214 Thread 0x0000020bc62022a0 Exception <a 'java/lang/NoClassDefFoundError'{0x00000000c69fcc10}: jakarta/validation/Validation> (0x00000000c69fcc10) 
thrown [s\open\src\hotspot\share\classfile\systemDictionary.cpp, line 316]
Event: 2.233 Thread 0x0000020be3bf6de0 Exception <a 'java/lang/IncompatibleClassChangeError'{0x00000000c6755a28}: Found class java.lang.Object, but interface was expected> (0x00000000c6755a28) 
thrown [s\open\src\hotspot\share\interpreter\linkResolver.cpp, line 872]
Event: 2.241 Thread 0x0000020be3bf6de0 Exception <a 'java/lang/NoSuchMethodError'{0x00000000c676d078}: 'int java.lang.invoke.DirectMethodHandle$Holder.invokeVirtual(java.lang.Object, java.lang.Object)'> (0x00000000c676d078) 
thrown [s\open\src\hotspot\share\interpreter\linkResolver.cpp, line 805]
Event: 2.516 Thread 0x0000020be3bf6de0 Implicit null exception at 0x0000020bf3f6869d to 0x0000020bf3f68719
Event: 2.809 Thread 0x0000020be3bf6de0 Exception <a 'java/lang/NoSuchMethodError'{0x00000000c6b796e0}: 'int java.lang.invoke.DirectMethodHandle$Holder.invokeSpecial(java.lang.Object, java.lang.Object, java.lang.Object, java.lang.Object, java.lang.Object)'> (0x00000000c6b796e0) 
thrown [s\open\src\hotspot\share\interpreter\linkResolver.cpp, line 805]
Event: 2.847 Thread 0x0000020be3bf6de0 Exception <a 'java/lang/NoSuchMethodError'{0x00000000c6b8b520}: 'void java.lang.invoke.DirectMethodHandle$Holder.invokeVirtual(java.lang.Object, java.lang.Object)'> (0x00000000c6b8b520) 
thrown [s\open\src\hotspot\share\interpreter\linkResolver.cpp, line 805]
Event: 2.990 Thread 0x0000020bc62022a0 Exception <a 'java/lang/NoSuchMethodError'{0x00000000c67ac288}: 'long java.lang.invoke.DirectMethodHandle$Holder.invokeSpecial(java.lang.Object, java.lang.Object)'> (0x00000000c67ac288) 
thrown [s\open\src\hotspot\share\interpreter\linkResolver.cpp, line 805]
Event: 2.995 Thread 0x0000020bc62022a0 Exception <a 'java/lang/NoSuchMethodError'{0x00000000c67ca328}: 'long java.lang.invoke.DirectMethodHandle$Holder.invokeStatic(java.lang.Object, java.lang.Object)'> (0x00000000c67ca328) 
thrown [s\open\src\hotspot\share\interpreter\linkResolver.cpp, line 805]
Event: 2.995 Thread 0x0000020bc62022a0 Exception <a 'java/lang/NoSuchMethodError'{0x00000000c67d2098}: 'long java.lang.invoke.DirectMethodHandle$Holder.invokeStaticInit(java.lang.Object, java.lang.Object)'> (0x00000000c67d2098) 
thrown [s\open\src\hotspot\share\interpreter\linkResolver.cpp, line 805]
Event: 3.001 Thread 0x0000020bc62022a0 Exception <a 'java/lang/NoSuchMethodError'{0x00000000c661c868}: 'long java.lang.invoke.DirectMethodHandle$Holder.invokeInterface(java.lang.Object, java.lang.Object)'> (0x00000000c661c868) 
thrown [s\open\src\hotspot\share\interpreter\linkResolver.cpp, line 805]
Event: 3.001 Thread 0x0000020bc62022a0 Exception <a 'java/lang/IncompatibleClassChangeError'{0x00000000c66244e8}: Found class java.lang.Object, but interface was expected> (0x00000000c66244e8) 
thrown [s\open\src\hotspot\share\interpreter\linkResolver.cpp, line 872]
Event: 3.009 Thread 0x0000020bc62022a0 Exception <a 'java/lang/NoSuchMethodError'{0x00000000c6640d90}: 'java.lang.Object java.lang.invoke.DirectMethodHandle$Holder.invokeVirtual(java.lang.Object, java.lang.Object, java.lang.Object, java.lang.Object)'> (0x00000000c6640d90) 
thrown [s\open\src\hotspot\share\interpreter\linkResolver.cpp, line 805]
Event: 3.033 Thread 0x0000020bc62022a0 Exception <a 'java/lang/NoSuchMethodError'{0x00000000c65a32d0}: 'java.lang.Object java.lang.invoke.DirectMethodHandle$Holder.newInvokeSpecial(java.lang.Object, java.lang.Object, java.lang.Object, int)'> (0x00000000c65a32d0) 
thrown [s\open\src\hotspot\share\interpreter\linkResolver.cpp, line 805]
Event: 3.034 Thread 0x0000020bc62022a0 Exception <a 'java/lang/NoSuchMethodError'{0x00000000c65abdb0}: 'java.lang.Object java.lang.invoke.Invokers$Holder.linkToTargetMethod(java.lang.Object, java.lang.Object, int, java.lang.Object)'> (0x00000000c65abdb0) 
thrown [s\open\src\hotspot\share\interpreter\linkResolver.cpp, line 805]
Event: 3.394 Thread 0x0000020be3bf6de0 Exception <a 'java/lang/IncompatibleClassChangeError'{0x00000000c5a11ea8}: Found class java.lang.Object, but interface was expected> (0x00000000c5a11ea8) 
thrown [s\open\src\hotspot\share\interpreter\linkResolver.cpp, line 872]

VM Operations (20 events):
Event: 3.282 Executing VM operation: HandshakeAllThreads (Deoptimize)
Event: 3.282 Executing VM operation: HandshakeAllThreads (Deoptimize) done
Event: 3.403 Executing VM operation: HandshakeAllThreads (Deoptimize)
Event: 3.403 Executing VM operation: HandshakeAllThreads (Deoptimize) done
Event: 3.581 Executing VM operation: G1CollectForAllocation (G1 Evacuation Pause)
Event: 3.587 Executing VM operation: G1CollectForAllocation (G1 Evacuation Pause) done
Event: 4.097 Executing VM operation: CollectForMetadataAllocation (Metadata GC Threshold)
Event: 4.108 Executing VM operation: CollectForMetadataAllocation (Metadata GC Threshold) done
Event: 4.123 Executing VM operation: G1PauseRemark
Event: 4.128 Executing VM operation: G1PauseRemark done
Event: 4.135 Executing VM operation: G1PauseCleanup
Event: 4.135 Executing VM operation: G1PauseCleanup done
Event: 4.462 Executing VM operation: HandshakeAllThreads (Deoptimize)
Event: 4.462 Executing VM operation: HandshakeAllThreads (Deoptimize) done
Event: 4.463 Executing VM operation: HandshakeAllThreads (Deoptimize)
Event: 4.463 Executing VM operation: HandshakeAllThreads (Deoptimize) done
Event: 4.471 Executing VM operation: HandshakeAllThreads (Deoptimize)
Event: 4.471 Executing VM operation: HandshakeAllThreads (Deoptimize) done
Event: 4.473 Executing VM operation: HandshakeAllThreads (Deoptimize)
Event: 4.473 Executing VM operation: HandshakeAllThreads (Deoptimize) done

Memory protections (0 events):
No events

Nmethod flushes (0 events):
No events

Events (16 events):
Event: 0.122 Thread 0x0000020be3bf6de0 Thread added: 0x0000020be3bf6de0
Event: 0.146 Thread 0x0000020be3bf6de0 Thread added: 0x0000020bc112f8e0
Event: 0.146 Thread 0x0000020be3bf6de0 Thread added: 0x0000020bc1131710
Event: 0.147 Thread 0x0000020be3bf6de0 Thread added: 0x0000020bc1132630
Event: 0.147 Thread 0x0000020be3bf6de0 Thread added: 0x0000020bc1133250
Event: 0.147 Thread 0x0000020be3bf6de0 Thread added: 0x0000020bc1134e80
Event: 0.148 Thread 0x0000020be3bf6de0 Thread added: 0x0000020bc1135aa0
Event: 0.148 Thread 0x0000020be3bf6de0 Thread added: 0x0000020bc1138a00
Event: 0.151 Thread 0x0000020be3bf6de0 Thread added: 0x0000020bc1156fd0
Event: 0.431 Thread 0x0000020be3bf6de0 Thread added: 0x0000020bc1333790
Event: 0.703 Thread 0x0000020be3bf6de0 Thread added: 0x0000020bc143d020
Event: 0.703 Thread 0x0000020be3bf6de0 Thread added: 0x0000020bc1435a10
Event: 2.207 Thread 0x0000020be3bf6de0 Thread added: 0x0000020bc62022a0
Event: 3.178 Thread 0x0000020bc62022a0 Thread exited: 0x0000020bc62022a0
Event: 3.311 Thread 0x0000020be3bf6de0 Thread added: 0x0000020bc647d0b0
Event: 3.350 Thread 0x0000020bc647d0b0 Thread exited: 0x0000020bc647d0b0


Dynamic libraries:
0x00007ff719440000 - 0x00007ff719450000 	C:\Program Files\Java\jdk-24\bin\java.exe
0x00007ffef6180000 - 0x00007ffef6370000 	C:\Windows\SYSTEM32\ntdll.dll
0x00007ffef47e0000 - 0x00007ffef4892000 	C:\Windows\System32\KERNEL32.DLL
0x00007ffef3260000 - 0x00007ffef3503000 	C:\Windows\System32\KERNELBASE.dll
0x00007ffef3510000 - 0x00007ffef360a000 	C:\Windows\System32\ucrtbase.dll
0x00007ffeec8d0000 - 0x00007ffeec8eb000 	C:\Program Files\Java\jdk-24\bin\VCRUNTIME140.dll
0x00007ffeeb0d0000 - 0x00007ffeeb0e6000 	C:\Program Files\Java\jdk-24\bin\jli.dll
0x00007ffef4440000 - 0x00007ffef45d4000 	C:\Windows\System32\USER32.dll
0x00007ffef4150000 - 0x00007ffef4171000 	C:\Windows\System32\win32u.dll
0x00007ffee2210000 - 0x00007ffee2495000 	C:\Windows\WinSxS\amd64_microsoft.windows.common-controls_6595b64144ccf1df_6.0.18362.719_none_e6c7b883130c6729\COMCTL32.dll
0x00007ffef6000000 - 0x00007ffef609e000 	C:\Windows\System32\msvcrt.dll
0x00007ffef56b0000 - 0x00007ffef56d6000 	C:\Windows\System32\GDI32.dll
0x00007ffef3f00000 - 0x00007ffef4094000 	C:\Windows\System32\gdi32full.dll
0x00007ffef5370000 - 0x00007ffef56a6000 	C:\Windows\System32\combase.dll
0x00007ffef3610000 - 0x00007ffef36ae000 	C:\Windows\System32\msvcp_win.dll
0x00007ffef48a0000 - 0x00007ffef49c0000 	C:\Windows\System32\RPCRT4.dll
0x00007ffef3e50000 - 0x00007ffef3ed0000 	C:\Windows\System32\bcryptPrimitives.dll
0x00007ffef45e0000 - 0x00007ffef460e000 	C:\Windows\System32\IMM32.DLL
0x00007ffeef7a0000 - 0x00007ffeef7ac000 	C:\Program Files\Java\jdk-24\bin\vcruntime140_1.dll
0x00007ffeeaff0000 - 0x00007ffeeb07e000 	C:\Program Files\Java\jdk-24\bin\msvcp140.dll
0x00007ffe99d50000 - 0x00007ffe9aaf2000 	C:\Program Files\Java\jdk-24\bin\server\jvm.dll
0x00007ffef46d0000 - 0x00007ffef4773000 	C:\Windows\System32\ADVAPI32.dll
0x00007ffef60a0000 - 0x00007ffef6137000 	C:\Windows\System32\sechost.dll
0x00007ffef30c0000 - 0x00007ffef310a000 	C:\Windows\System32\POWRPROF.dll
0x00007ffef3040000 - 0x00007ffef3050000 	C:\Windows\System32\UMPDC.dll
0x00007ffef4a20000 - 0x00007ffef4a8f000 	C:\Windows\System32\WS2_32.dll
0x00007ffeef970000 - 0x00007ffeef994000 	C:\Windows\SYSTEM32\WINMM.dll
0x00007ffeeac20000 - 0x00007ffeeac2a000 	C:\Windows\SYSTEM32\VERSION.dll
0x00007ffeef940000 - 0x00007ffeef96d000 	C:\Windows\SYSTEM32\WINMMBASE.dll
0x00007ffef4180000 - 0x00007ffef41ca000 	C:\Windows\System32\cfgmgr32.dll
0x00007ffef3050000 - 0x00007ffef3061000 	C:\Windows\System32\kernel.appcore.dll
0x00007ffeed670000 - 0x00007ffeed67a000 	C:\Program Files\Java\jdk-24\bin\jimage.dll
0x00007ffef1820000 - 0x00007ffef1a14000 	C:\Windows\SYSTEM32\DBGHELP.DLL
0x00007ffedb5d0000 - 0x00007ffedb5fa000 	C:\Windows\SYSTEM32\dbgcore.DLL
0x00007ffeec960000 - 0x00007ffeec96f000 	C:\Program Files\Java\jdk-24\bin\instrument.dll
0x00007ffeeae90000 - 0x00007ffeeaeae000 	C:\Program Files\Java\jdk-24\bin\java.dll
0x00007ffef57d0000 - 0x00007ffef5927000 	C:\Windows\System32\ole32.dll
0x00007ffef4c80000 - 0x00007ffef5365000 	C:\Windows\System32\SHELL32.dll
0x00007ffef4bd0000 - 0x00007ffef4c79000 	C:\Windows\System32\shcore.dll
0x00007ffef36d0000 - 0x00007ffef3e50000 	C:\Windows\System32\windows.storage.dll
0x00007ffef3070000 - 0x00007ffef3093000 	C:\Windows\System32\profapi.dll
0x00007ffef4780000 - 0x00007ffef47d2000 	C:\Windows\System32\shlwapi.dll
0x00007ffef36b0000 - 0x00007ffef36c7000 	C:\Windows\System32\cryptsp.dll
0x00007ffed8e60000 - 0x00007ffed8f37000 	C:\Program Files\Java\jdk-24\bin\jsvml.dll
0x00007ffeea1a0000 - 0x00007ffeea1b7000 	C:\Program Files\Java\jdk-24\bin\zip.dll
0x00007ffeec590000 - 0x00007ffeec5a0000 	C:\Program Files\Java\jdk-24\bin\net.dll
0x00007ffef2850000 - 0x00007ffef28b7000 	C:\Windows\system32\mswsock.dll
0x00007ffee5620000 - 0x00007ffee5636000 	C:\Program Files\Java\jdk-24\bin\nio.dll
0x00007ffeec3b0000 - 0x00007ffeec3b9000 	C:\Program Files\Java\jdk-24\bin\extnet.dll
0x00007ffeec8c0000 - 0x00007ffeec8ce000 	C:\Program Files\Java\jdk-24\bin\sunmscapi.dll
0x00007ffef3110000 - 0x00007ffef3259000 	C:\Windows\System32\CRYPT32.dll
0x00007ffef30a0000 - 0x00007ffef30b2000 	C:\Windows\System32\MSASN1.dll
0x00007ffef2b20000 - 0x00007ffef2b46000 	C:\Windows\SYSTEM32\ncrypt.dll
0x00007ffef3ed0000 - 0x00007ffef3ef6000 	C:\Windows\System32\bcrypt.dll
0x00007ffef2ae0000 - 0x00007ffef2b1b000 	C:\Windows\SYSTEM32\NTASN1.dll

JVMTI agents:
C:\Program Files\JetBrains\IntelliJ IDEA Community Edition 2025.1.1.1\lib\idea_rt.jar path:C:\Program Files\Java\jdk-24\bin\instrument.dll, loaded, initialized, instrumentlib options:60289

dbghelp: loaded successfully - version: 4.0.5 - missing functions: none
symbol engine: initialized successfully - sym options: 0x614 - pdb path: .;C:\Program Files\Java\jdk-24\bin;C:\Windows\SYSTEM32;C:\Windows\WinSxS\amd64_microsoft.windows.common-controls_6595b64144ccf1df_6.0.18362.719_none_e6c7b883130c6729;C:\Program Files\Java\jdk-24\bin\server

VM Arguments:
jvm_args: -javaagent:C:\Program Files\JetBrains\IntelliJ IDEA Community Edition 2025.1.1.1\lib\idea_rt.jar=60289 -Dfile.encoding=UTF-8 -Dsun.stdout.encoding=UTF-8 -Dsun.stderr.encoding=UTF-8 
java_command: com.userlogin.flightbooking.FlightbookingApplication
java_class_path (initial): C:\Users\user\Downloads\flightbooking\flightbooking\target\classes;C:\Users\user\.m2\repository\org\springframework\boot\spring-boot-starter-data-jpa\3.5.0-RC1\spring-boot-starter-data-jpa-3.5.0-RC1.jar;C:\Users\user\.m2\repository\org\springframework\boot\spring-boot-starter\3.5.0-RC1\spring-boot-starter-3.5.0-RC1.jar;C:\Users\user\.m2\repository\org\springframework\boot\spring-boot\3.5.0-RC1\spring-boot-3.5.0-RC1.jar;C:\Users\user\.m2\repository\org\springframework\boot\spring-boot-autoconfigure\3.5.0-RC1\spring-boot-autoconfigure-3.5.0-RC1.jar;C:\Users\user\.m2\repository\org\springframework\boot\spring-boot-starter-logging\3.5.0-RC1\spring-boot-starter-logging-3.5.0-RC1.jar;C:\Users\user\.m2\repository\ch\qos\logback\logback-classic\1.5.18\logback-classic-1.5.18.jar;C:\Users\user\.m2\repository\ch\qos\logback\logback-core\1.5.18\logback-core-1.5.18.jar;C:\Users\user\.m2\repository\org\apache\logging\log4j\log4j-to-slf4j\2.24.3\log4j-to-slf4j-2.24.3.jar;C:\Users\user\.m2\repository\org\apache\logging\log4j\log4j-api\2.24.3\log4j-api-2.24.3.jar;C:\Users\user\.m2\repository\org\slf4j\jul-to-slf4j\2.0.17\jul-to-slf4j-2.0.17.jar;C:\Users\user\.m2\repository\jakarta\annotation\jakarta.annotation-api\2.1.1\jakarta.annotation-api-2.1.1.jar;C:\Users\user\.m2\repository\org\yaml\snakeyaml\2.4\snakeyaml-2.4.jar;C:\Users\user\.m2\repository\org\springframework\boot\spring-boot-starter-jdbc\3.5.0-RC1\spring-boot-starter-jdbc-3.5.0-RC1.jar;C:\Users\user\.m2\repository\com\zaxxer\HikariCP\6.3.0\HikariCP-6.3.0.jar;C:\Users\user\.m2\repository\org\springframework\spring-jdbc\6.2.6\spring-jdbc-6.2.6.jar;C:\Users\user\.m2\repository\org\hibernate\orm\hibernate-core\6.6.13.Final\hibernate-core-6.6.13.Final.jar;C:\Users\user\.m2\repository\jakarta\persistence\jakarta.persistence-api\3.1.0\jakarta.persistence-api-3.1.0.jar;C:\Users\user\.m2\repository\jakarta\transaction\jakarta.transaction-api\2.0.1\jakarta.transaction-api-2.0.1.jar;C:\Users\user\.m2\repository\org\jboss\logging\jboss-logging\3.6.1.Final\jboss-logging-3.6.1.Final.jar;C:\Users\user\.m2\repository\org\hibernate\common\hibernate-commons-annotations\7.0.3.Final\hibernate-commons-annotations-7.0.3.Final.jar;C:\Users\user\.m2\repository\io\smallrye\jandex\3.2.0\jandex-3.2.0.jar;C:\Users\user\.m2\repository\com\fasterxml\classmate\1.7.0\classmate-1.7.0.jar;C:\Users\user\.m2\repository\net\bytebuddy\byte-buddy\1.17.5\byte-buddy-1.17.5.jar;C:\Users\user\.m2\repository\org\glassfish\jaxb\jaxb-runtime\4.0.5\jaxb-runtime-4.0.5.jar;C:\Users\user\.m2\repository\org\glassfish\jaxb\jaxb-core\4.0.5\jaxb-core-4.0.5.jar;C:\Users\user\.m2\repository\org\glassfish\jaxb\txw2\4.0.5\txw2-4.0.5.jar;C:\Users\user\.m2\repository\com\sun\istack\istack-commons-runtime\4.1.2\istack-commons-runtime-4.1.2.jar;C:\Users\user\.m2\repository\jakarta\inject\jakarta.inject-api\2.0.1\jakarta.inject-api-2.0.1.jar;C:\Users\user\.m2\repository\org\antlr\antlr4-runtime\4.13.0\antlr4-runtime-4.13.0.jar;C:\Users\user\.m2\repository\org\springframework\data\spring-data-jpa\3.5.0-RC1\spring-data-jpa-3.5.0-RC1.jar;C:\Users\user\.m2\repository\org\springframework\data\spring-data-commons\3.5.0-RC1\spring-data-commons-3.5.0-RC1.jar;C:\Users\user\.m2\repository\org\springframework\spring-orm\6.2.6\spring-orm-6.2.6.jar;C:\Users\user\.m2\repository\org\springframework\spring-context\6.2.6\spring-context-6.2.6.jar;C:\Users\user\.m2\repository\org\springframework\spring-tx\6.2.6\spring-tx-6.2.6.jar;C:\Users\user\.m2\repository\org\springframework\spring-beans\6.2.6\spring-beans-6.2.6.jar;C:\Users\user\.m2\repository\org\slf4j\slf4j-api\2.0.17\slf4j-api-2.0.17.jar;C:\Users\user\.m2\repository\org\springframework\spring-aspects\6.2.6\spring-aspects-6.2.6.jar;C:\Users\user\.m2\repository\org\aspectj\aspectjweaver\1.9.24\aspectjweaver-1.9.24.jar;C:\Users\user\.m2\repository\org\springframework\boot\spring-boot-starter-mail\3.5.0-RC1\spring-boot-starter-mail-3.5.0-RC1.jar;C:\Users\user\.m2\repository\org\springframework\spring-context-support\6.2.6\spring-context-support-6.2.6.jar;C:\Users\user\.m2\repository\org\eclipse\angus\jakarta.mail\2.0.3\jakarta.mail-2.0.3.jar;C:\Users\user\.m2\repository\jakarta\activation\jakarta.activation-api\2.1.3\jakarta.activation-api-2.1.3.jar;C:\Users\user\.m2\repository\org\eclipse\angus\angus-activation\2.0.2\angus-activation-2.0.2.jar;C:\Users\user\.m2\repository\org\springframework\boot\spring-boot-starter-thymeleaf\3.5.0-RC1\spring-boot-starter-thymeleaf-3.5.0-RC1.jar;C:\Users\user\.m2\repository\org\thymeleaf\thymeleaf-spring6\3.1.3.RELEASE\thymeleaf-spring6-3.1.3.RELEASE.jar;C:\Users\user\.m2\repository\org\thymeleaf\thymeleaf\3.1.3.RELEASE\thymeleaf-3.1.3.RELEASE.jar;C:\Users\user\.m2\repository\org\attoparser\attoparser\2.0.7.RELEASE\attoparser-2.0.7.RELEASE.jar;C:\Users\user\.m2\repository\org\unbescape\unbescape\1.1.6.RELEASE\unbescape-1.1.6.RELEASE.jar;C:\Users\user\.m2\repository\com\bucket4j\bucket4j_jdk17-core\8.14.0\bucket4j_jdk17-core-8.14.0.jar;C:\Users\user\.m2\repository\org\springframework\boot\spring-boot-starter-security\3.5.0-RC1\spring-boot-starter-security-3.5.0-RC1.jar;C:\Users\user\.m2\repository\org\springframework\spring-aop\6.2.6\spring-aop-6.2.6.jar;C:\Users\user\.m2\repository\org\springframework\security\spring-security-config\6.5.0-RC1\spring-security-config-6.5.0-RC1.jar;C:\Users\user\.m2\repository\org\springframework\security\spring-security-web\6.5.0-RC1\spring-security-web-6.5.0-RC1.jar;C:\Users\user\.m2\repository\org\springframework\spring-expression\6.2.6\spring-expression-6.2.6.jar;C:\Users\user\.m2\repository\org\springframework\boot\spring-boot-starter-web\3.5.0-RC1\spring-boot-starter-web-3.5.0-RC1.jar;C:\Users\user\.m2\repository\org\springframework\boot\spring-boot-starter-json\3.5.0-RC1\spring-boot-starter-json-3.5.0-RC1.jar;C:\Users\user\.m2\repository\com\fasterxml\jackson\datatype\jackson-datatype-jdk8\2.18.3\jackson-datatype-jdk8-2.18.3.jar;C:\Users\user\.m2\repository\com\fasterxml\jackson\datatype\jackson-datatype-jsr310\2.18.3\jackson-datatype-jsr310-2.18.3.jar;C:\Users\user\.m2\repository\com\fasterxml\jackson\module\jackson-module-parameter-names\2.18.3\jackson-module-parameter-names-2.18.3.jar;C:\Users\user\.m2\repository\org\springframework\boot\spring-boot-starter-tomcat\3.5.0-RC1\spring-boot-starter-tomcat-3.5.0-RC1.jar;C:\Users\user\.m2\repository\org\apache\tomcat\embed\tomcat-embed-core\10.1.40\tomcat-embed-core-10.1.40.jar;C:\Users\user\.m2\repository\org\apache\tomcat\embed\tomcat-embed-el\10.1.40\tomcat-embed-el-10.1.40.jar;C:\Users\user\.m2\repository\org\apache\tomcat\embed\tomcat-embed-websocket\10.1.40\tomcat-embed-websocket-10.1.40.jar;C:\Users\user\.m2\repository\org\springframework\spring-web\6.2.6\spring-web-6.2.6.jar;C:\Users\user\.m2\repository\io\micrometer\micrometer-observation\1.15.0-RC1\micrometer-observation-1.15.0-RC1.jar;C:\Users\user\.m2\repository\io\micrometer\micrometer-commons\1.15.0-RC1\micrometer-commons-1.15.0-RC1.jar;C:\Users\user\.m2\repository\org\springframework\spring-webmvc\6.2.6\spring-webmvc-6.2.6.jar;C:\Users\user\.m2\repository\com\mysql\mysql-connector-j\9.2.0\mysql-connector-j-9.2.0.jar;C:\Users\user\.m2\repository\org\projectlombok\lombok\1.18.38\lombok-1.18.38.jar;C:\Users\user\.m2\repository\jakarta\xml\bind\jakarta.xml.bind-api\4.0.2\jakarta.xml.bind-api-4.0.2.jar;C:\Users\user\.m2\repository\org\springframework\spring-core\6.2.6\spring-core-6.2.6.jar;C:\Users\user\.m2\repository\org\springframework\spring-jcl\6.2.6\spring-jcl-6.2.6.jar;C:\Users\user\.m2\repository\org\springframework\security\spring-security-core\6.5.0-RC1\spring-security-core-6.5.0-RC1.jar;C:\Users\user\.m2\repository\org\springframework\security\spring-security-crypto\6.5.0-RC1\spring-security-crypto-6.5.0-RC1.jar;C:\Users\user\.m2\repository\io\jsonwebtoken\jjwt-api\0.11.5\jjwt-api-0.11.5.jar;C:\Users\user\.m2\repository\io\jsonwebtoken\jjwt-impl\0.11.5\jjwt-impl-0.11.5.jar;C:\Users\user\.m2\repository\io\jsonwebtoken\jjwt-jackson\0.11.5\jjwt-jackson-0.11.5.jar;C:\Users\user\.m2\repository\com\fasterxml\jackson\core\jackson-databind\2.18.3\jackson-databind-2.18.3.jar;C:\Users\user\.m2\repository\com\fasterxml\jackson\core\jackson-annotations\2.18.3\jackson-annotations-2.18.3.jar;C:\Users\user\.m2\repository\com\fasterxml\jackson\core\jackson-core\2.18.3\jackson-core-2.18.3.jar
Launcher Type: SUN_STANDARD

[Global flags]
     intx CICompilerCount                          = 3                                         {product} {ergonomic}
     uint ConcGCThreads                            = 1                                         {product} {ergonomic}
     uint G1ConcRefinementThreads                  = 4                                         {product} {ergonomic}
   size_t G1HeapRegionSize                         = 1048576                                   {product} {ergonomic}
   size_t InitialHeapSize                          = 65011712                                  {product} {ergonomic}
   size_t MarkStackSize                            = 4194304                                   {product} {ergonomic}
   size_t MarkStackSizeMax                         = 536870912                                 {product} {ergonomic}
   size_t MaxHeapSize                              = 1021313024                                {product} {ergonomic}
   size_t MaxNewSize                               = 612368384                                 {product} {ergonomic}
   size_t MinHeapDeltaBytes                        = 1048576                                   {product} {ergonomic}
   size_t MinHeapSize                              = 8388608                                   {product} {ergonomic}
    uintx NonNMethodCodeHeapSize                   = 5832704                                {pd product} {ergonomic}
    uintx NonProfiledCodeHeapSize                  = 122945536                              {pd product} {ergonomic}
    uintx ProfiledCodeHeapSize                     = 122880000                              {pd product} {ergonomic}
    uintx ReservedCodeCacheSize                    = 251658240                              {pd product} {ergonomic}
     bool SegmentedCodeCache                       = true                                      {product} {ergonomic}
   size_t SoftMaxHeapSize                          = 1021313024                             {manageable} {ergonomic}
     bool UseCompressedOops                        = true                           {product lp64_product} {ergonomic}
     bool UseG1GC                                  = true                                      {product} {ergonomic}
     bool UseLargePagesIndividualAllocation        = false                                  {pd product} {ergonomic}

Logging:
Log output configuration:
 #0: stdout all=warning uptime,level,tags foldmultilines=false
 #1: stderr all=off uptime,level,tags foldmultilines=false

Environment Variables:
JAVA_HOME=C:\Program Files\Java\jdk-19
PATH=C:\app\oracle\product\11.2.0\server\bin;;C:\Program Files\Common Files\Oracle\Java\javapath;C:\Windows\system32;C:\Windows;C:\Windows\System32\Wbem;C:\Windows\System32\WindowsPowerShell\v1.0\;C:\Windows\System32\OpenSSH\;C:\Program Files\Java\jdk-19\bin;C:\Program Files\Microsoft SQL Server\150\Tools\Binn\;C:\Program Files\Microsoft SQL Server\Client SDK\ODBC\170\Tools\Binn\;C:\Program Files\dotnet\;C:\Program Files\nodejs\;C:\Users\user\AppData\Local\Programs\Python\Python312\Scripts\;C:\Users\user\AppData\Local\Programs\Python\Python312\;C:\Users\user\AppData\Local\Programs\Python\Launcher\;C:\Users\user\AppData\Local\Microsoft\WindowsApps;;C:\Users\user\AppData\Local\Programs\Microsoft VS Code\bin;C:\Program Files\JetBrains\PyCharm Community Edition 2023.3.4\bin;;C:\Users\user\.dotnet\tools;C:\Users\user\AppData\Roaming\npm
USERNAME=user
OS=Windows_NT
PROCESSOR_IDENTIFIER=Intel64 Family 6 Model 126 Stepping 5, GenuineIntel
TMP=C:\Users\user\AppData\Local\Temp
TEMP=C:\Users\user\AppData\Local\Temp




Periodic native trim disabled

---------------  S Y S T E M  ---------------

OS:
 Windows 10 , 64 bit Build 18362 (10.0.18362.329)
OS uptime: 34 days 5:53 hours

CPU: total 4 (initial active 4) (2 cores per cpu, 2 threads per core) family 6 model 126 stepping 5 microcode 0x48, cx8, cmov, fxsr, ht, mmx, 3dnowpref, sse, sse2, sse3, ssse3, sse4.1, sse4.2, popcnt, lzcnt, tsc, tscinvbit, avx, avx2, aes, erms, clmul, bmi1, bmi2, adx, avx512f, avx512dq, avx512cd, avx512bw, avx512vl, sha, fma, vzeroupper, avx512_vpopcntdq, avx512_vpclmulqdq, avx512_vaes, avx512_vnni, clflush, clflushopt, avx512_vbmi2, avx512_vbmi, rdtscp, rdpid, fsrm, gfni, avx512_bitalg, f16c, pku, avx512_ifma
Processor Information for the first 4 processors :
  Max Mhz: 1190, Current Mhz: 1190, Mhz Limit: 1190

Memory: 4k page, system-wide physical 3891M (197M free)
TotalPageFile size 15667M (AvailPageFile size 5M)
current process WorkingSet (physical memory assigned to process): 132M, peak: 133M
current process commit charge ("private bytes"): 180M, peak: 188M

vm_info: Java HotSpot(TM) 64-Bit Server VM (24.0.1+9-30) for windows-amd64 JRE (24.0.1+9-30), built on 2025-03-05T07:23:45Z with MS VC++ 17.6 (VS2022)

END.
