#
# There is insufficient memory for the Java Runtime Environment to continue.
# Native memory allocation (malloc) failed to allocate 4726608 bytes. Error detail: Chunk::new
# Possible reasons:
#   The system is out of physical RAM or swap space
#   This process is running with CompressedOops enabled, and the Java Heap may be blocking the growth of the native heap
# Possible solutions:
#   Reduce memory load on the system
#   Increase physical memory or swap space
#   Check if swap backing store is full
#   Decrease Java heap size (-Xmx/-Xms)
#   Decrease number of Java threads
#   Decrease Java thread stack sizes (-Xss)
#   Set larger code cache with -XX:ReservedCodeCacheSize=
#   JVM is running with Unscaled Compressed Oops mode in which the Java heap is
#     placed in the first 4GB address space. The Java Heap base address is the
#     maximum limit for the native heap growth. Please use -XX:HeapBaseMinAddress
#     to set the Java Heap base and to place the Java Heap above 4GB virtual address.
# This output file may be truncated or incomplete.
#
#  Out of Memory Error (arena.cpp:162), pid=20620, tid=20104
#
# JRE version: Java(TM) SE Runtime Environment (24.0.1+9) (build 24.0.1+9-30)
# Java VM: Java HotSpot(TM) 64-Bit Server VM (24.0.1+9-30, mixed mode, sharing, tiered, compressed oops, compressed class ptrs, g1 gc, windows-amd64)
# No core dump will be written. Minidumps are not enabled by default on client versions of Windows
#

---------------  S U M M A R Y ------------

Command Line: -javaagent:C:\Program Files\JetBrains\IntelliJ IDEA Community Edition 2025.1.1.1\lib\idea_rt.jar=60280 -Dfile.encoding=UTF-8 -Dsun.stdout.encoding=UTF-8 -Dsun.stderr.encoding=UTF-8 com.userlogin.flightbooking.FlightbookingApplication

Host: Intel(R) Core(TM) i3-1005G1 CPU @ 1.20GHz, 4 cores, 3G,  Windows 10 , 64 bit Build 18362 (10.0.18362.329)
Time: Tue Jun 17 17:21:55 2025 India Standard Time elapsed time: 3.292043 seconds (0d 0h 0m 3s)

---------------  T H R E A D  ---------------

Current thread (0x000002aa11592000):  JavaThread "C2 CompilerThread0" daemon [_thread_in_native, id=20104, stack(0x000000c73b600000,0x000000c73b700000) (1024K)]


Current CompileTask:
C2:3292 2877       4       jdk.internal.module.SystemModuleFinders$SystemModuleReader::find (59 bytes)

Stack: [0x000000c73b600000,0x000000c73b700000]
Native frames: (J=compiled Java code, j=interpreted, Vv=VM code, C=native code)
V  [jvm.dll+0x730739]  (no source info available)
V  [jvm.dll+0x8d9b23]  (no source info available)
V  [jvm.dll+0x8dc00d]  (no source info available)
V  [jvm.dll+0x8dc683]  (no source info available)
V  [jvm.dll+0x2aa086]  (no source info available)
V  [jvm.dll+0xcedef]  (no source info available)
V  [jvm.dll+0xcf04f]  (no source info available)
V  [jvm.dll+0x154d83]  (no source info available)
V  [jvm.dll+0x735f5f]  (no source info available)
V  [jvm.dll+0x26fa1c]  (no source info available)
V  [jvm.dll+0x26ea3f]  (no source info available)
V  [jvm.dll+0x1e9d60]  (no source info available)
V  [jvm.dll+0x27e1fb]  (no source info available)
V  [jvm.dll+0x27c49a]  (no source info available)
V  [jvm.dll+0x42f456]  (no source info available)
V  [jvm.dll+0x87d76b]  (no source info available)
V  [jvm.dll+0x72ee55]  (no source info available)
C  [ucrtbase.dll+0x20e72]  (no source info available)
C  [KERNEL32.DLL+0x17bd4]  (no source info available)
C  [ntdll.dll+0x6ced1]  (no source info available)

Lock stack of current Java thread (top to bottom):


---------------  P R O C E S S  ---------------

Threads class SMR info:
_java_thread_list=0x000002aa5848b2e0, length=12, elements={
0x000002aa741cdad0, 0x000002aa11580bb0, 0x000002aa11582870, 0x000002aa115847d0,
0x000002aa11587410, 0x000002aa11588030, 0x000002aa115893f0, 0x000002aa11592000,
0x000002aa115b0c60, 0x000002aa117bacd0, 0x000002aa118be830, 0x000002aa11a5ccb0
}

Java Threads: ( => current thread )
  0x000002aa741cdad0 JavaThread "main"                              [_thread_in_Java, id=10864, stack(0x000000c73a800000,0x000000c73a900000) (1024K)]
  0x000002aa11580bb0 JavaThread "Reference Handler"          daemon [_thread_blocked, id=21712, stack(0x000000c73b000000,0x000000c73b100000) (1024K)]
  0x000002aa11582870 JavaThread "Finalizer"                  daemon [_thread_blocked, id=8804, stack(0x000000c73b100000,0x000000c73b200000) (1024K)]
  0x000002aa115847d0 JavaThread "Signal Dispatcher"          daemon [_thread_blocked, id=25424, stack(0x000000c73b200000,0x000000c73b300000) (1024K)]
  0x000002aa11587410 JavaThread "Attach Listener"            daemon [_thread_blocked, id=20244, stack(0x000000c73b300000,0x000000c73b400000) (1024K)]
  0x000002aa11588030 JavaThread "Service Thread"             daemon [_thread_blocked, id=21756, stack(0x000000c73b400000,0x000000c73b500000) (1024K)]
  0x000002aa115893f0 JavaThread "Monitor Deflation Thread"   daemon [_thread_blocked, id=14756, stack(0x000000c73b500000,0x000000c73b600000) (1024K)]
=>0x000002aa11592000 JavaThread "C2 CompilerThread0"         daemon [_thread_in_native, id=20104, stack(0x000000c73b600000,0x000000c73b700000) (1024K)]
  0x000002aa115b0c60 JavaThread "C1 CompilerThread0"         daemon [_thread_in_native, id=2288, stack(0x000000c73b700000,0x000000c73b800000) (1024K)]
  0x000002aa117bacd0 JavaThread "Common-Cleaner"             daemon [_thread_blocked, id=23144, stack(0x000000c73b800000,0x000000c73b900000) (1024K)]
  0x000002aa118be830 JavaThread "Monitor Ctrl-Break"         daemon [_thread_in_native, id=25508, stack(0x000000c73b900000,0x000000c73ba00000) (1024K)]
  0x000002aa11a5ccb0 JavaThread "Notification Thread"        daemon [_thread_blocked, id=25316, stack(0x000000c73ba00000,0x000000c73bb00000) (1024K)]
Total: 12

Other Threads:
  0x000002aa11574170 VMThread "VM Thread"                           [id=9200, stack(0x000000c73af00000,0x000000c73b000000) (1024K)]
  0x000002aa1156d2e0 WatcherThread "VM Periodic Task Thread"        [id=24924, stack(0x000000c73ae00000,0x000000c73af00000) (1024K)]
  0x000002aa763b0f30 WorkerThread "GC Thread#0"                     [id=19304, stack(0x000000c73a900000,0x000000c73aa00000) (1024K)]
  0x000002aa57905270 WorkerThread "GC Thread#1"                     [id=14900, stack(0x000000c73bb00000,0x000000c73bc00000) (1024K)]
  0x000002aa5794e5e0 WorkerThread "GC Thread#2"                     [id=21812, stack(0x000000c73bc00000,0x000000c73bd00000) (1024K)]
  0x000002aa57e07420 WorkerThread "GC Thread#3"                     [id=3596, stack(0x000000c73be00000,0x000000c73bf00000) (1024K)]
  0x000002aa763bbec0 ConcurrentGCThread "G1 Main Marker"            [id=15912, stack(0x000000c73aa00000,0x000000c73ab00000) (1024K)]
  0x000002aa763bc8d0 WorkerThread "G1 Conc#0"                       [id=10084, stack(0x000000c73ab00000,0x000000c73ac00000) (1024K)]
  0x000002aa76414710 ConcurrentGCThread "G1 Refine#0"               [id=26028, stack(0x000000c73ac00000,0x000000c73ad00000) (1024K)]
  0x000002aa76415190 ConcurrentGCThread "G1 Service"                [id=24884, stack(0x000000c73ad00000,0x000000c73ae00000) (1024K)]
Total: 10

Threads with active compile tasks:
C2 CompilerThread0  3451 2877       4       jdk.internal.module.SystemModuleFinders$SystemModuleReader::find (59 bytes)
C1 CompilerThread0  3451 2994       3       java.util.TreeMap::fixAfterInsertion (267 bytes)
Total: 2

VM state: not at safepoint (normal execution)

VM Mutex/Monitor currently owned by a thread: None

Heap address: 0x00000000c3200000, size: 974 MB, Compressed Oops mode: 32-bit

CDS archive(s) mapped at: [0x000002aa12000000-0x000002aa12d40000-0x000002aa12d40000), size 13893632, SharedBaseAddress: 0x000002aa12000000, ArchiveRelocationMode: 1.
Compressed class space mapped at: 0x000002aa13000000-0x000002aa53000000, reserved size: 1073741824
UseCompressedClassPointers 1, UseCompactObjectHeaders 0
Narrow klass pointer bits 32, Max shift 3
Narrow klass base: 0x000002aa12000000, Narrow klass shift: 0
Encoding Range: [0x000002aa12000000 - 0x000002ab12000000), (4294967296 bytes)
Klass Range:    [0x000002aa12000000 - 0x000002aa53000000), (1090519040 bytes)
Klass ID Range:  [8 - 1090519033) (1090519025)

GC Precious Log:
 CardTable entry size: 512
 Card Set container configuration: InlinePtr #cards 5 size 8 Array Of Cards #cards 10 size 36 Howl #buckets 4 coarsen threshold 1843 Howl Bitmap #cards 512 size 80 coarsen threshold 460 Card regions per heap region 1 cards per card region 2048
 CPUs: 4 total, 4 available
 Memory: 3891M
 Large Page Support: Disabled
 NUMA Support: Disabled
 Compressed Oops: Enabled (32-bit)
 Heap Region Size: 1M
 Heap Min Capacity: 8M
 Heap Initial Capacity: 62M
 Heap Max Capacity: 974M
 Pre-touch: Disabled
 Parallel Workers: 4
 Concurrent Workers: 1
 Concurrent Refinement Workers: 4
 Periodic GC: Disabled

Heap:
 garbage-first heap   total reserved 997376K, committed 65536K, used 16037K [0x00000000c3200000, 0x0000000100000000)
  region size 1024K, 6 young (6144K), 4 survivors (4096K)
 Metaspace       used 20036K, committed 20288K, reserved 1114112K
  class space    used 1926K, committed 2048K, reserved 1048576K

Heap Regions: E=young(eden), S=young(survivor), O=old, HS=humongous(starts), HC=humongous(continues), CS=collection set, F=free, TAMS=top-at-mark-start, PB=parsable bottom
|   0|0x00000000c3200000, 0x00000000c3300000, 0x00000000c3300000|100%|HS|  |TAMS 0x00000000c3200000| PB 0x00000000c3200000| Complete |  0
|   1|0x00000000c3300000, 0x00000000c3400000, 0x00000000c3400000|100%|HS|  |TAMS 0x00000000c3300000| PB 0x00000000c3300000| Complete |  0
|   2|0x00000000c3400000, 0x00000000c3500000, 0x00000000c3500000|100%| O|  |TAMS 0x00000000c3400000| PB 0x00000000c3400000| Untracked |  0
|   3|0x00000000c3500000, 0x00000000c3600000, 0x00000000c3600000|100%| O|  |TAMS 0x00000000c3500000| PB 0x00000000c3500000| Untracked |  0
|   4|0x00000000c3600000, 0x00000000c3700000, 0x00000000c3700000|100%| O|  |TAMS 0x00000000c3600000| PB 0x00000000c3600000| Untracked |  0
|   5|0x00000000c3700000, 0x00000000c3800000, 0x00000000c3800000|100%| O|  |TAMS 0x00000000c3700000| PB 0x00000000c3700000| Untracked |  0
|   6|0x00000000c3800000, 0x00000000c3900000, 0x00000000c3900000|100%| O|  |TAMS 0x00000000c3800000| PB 0x00000000c3800000| Untracked |  0
|   7|0x00000000c3900000, 0x00000000c3a00000, 0x00000000c3a00000|100%| O|  |TAMS 0x00000000c3900000| PB 0x00000000c3900000| Untracked |  0
|   8|0x00000000c3a00000, 0x00000000c3b00000, 0x00000000c3b00000|100%| O|  |TAMS 0x00000000c3a00000| PB 0x00000000c3a00000| Untracked |  0
|   9|0x00000000c3b00000, 0x00000000c3b8c240, 0x00000000c3c00000| 54%| O|  |TAMS 0x00000000c3b00000| PB 0x00000000c3b00000| Untracked |  0
|  10|0x00000000c3c00000, 0x00000000c3c00000, 0x00000000c3d00000|  0%| F|  |TAMS 0x00000000c3c00000| PB 0x00000000c3c00000| Untracked |  0
|  11|0x00000000c3d00000, 0x00000000c3d00000, 0x00000000c3e00000|  0%| F|  |TAMS 0x00000000c3d00000| PB 0x00000000c3d00000| Untracked |  0
|  12|0x00000000c3e00000, 0x00000000c3e00000, 0x00000000c3f00000|  0%| F|  |TAMS 0x00000000c3e00000| PB 0x00000000c3e00000| Untracked |  0
|  13|0x00000000c3f00000, 0x00000000c3f00000, 0x00000000c4000000|  0%| F|  |TAMS 0x00000000c3f00000| PB 0x00000000c3f00000| Untracked |  0
|  14|0x00000000c4000000, 0x00000000c4000000, 0x00000000c4100000|  0%| F|  |TAMS 0x00000000c4000000| PB 0x00000000c4000000| Untracked |  0
|  15|0x00000000c4100000, 0x00000000c4100000, 0x00000000c4200000|  0%| F|  |TAMS 0x00000000c4100000| PB 0x00000000c4100000| Untracked |  0
|  16|0x00000000c4200000, 0x00000000c4200000, 0x00000000c4300000|  0%| F|  |TAMS 0x00000000c4200000| PB 0x00000000c4200000| Untracked |  0
|  17|0x00000000c4300000, 0x00000000c4300000, 0x00000000c4400000|  0%| F|  |TAMS 0x00000000c4300000| PB 0x00000000c4300000| Untracked |  0
|  18|0x00000000c4400000, 0x00000000c4400000, 0x00000000c4500000|  0%| F|  |TAMS 0x00000000c4400000| PB 0x00000000c4400000| Untracked |  0
|  19|0x00000000c4500000, 0x00000000c4500000, 0x00000000c4600000|  0%| F|  |TAMS 0x00000000c4500000| PB 0x00000000c4500000| Untracked |  0
|  20|0x00000000c4600000, 0x00000000c4600000, 0x00000000c4700000|  0%| F|  |TAMS 0x00000000c4600000| PB 0x00000000c4600000| Untracked |  0
|  21|0x00000000c4700000, 0x00000000c4700000, 0x00000000c4800000|  0%| F|  |TAMS 0x00000000c4700000| PB 0x00000000c4700000| Untracked |  0
|  22|0x00000000c4800000, 0x00000000c4800000, 0x00000000c4900000|  0%| F|  |TAMS 0x00000000c4800000| PB 0x00000000c4800000| Untracked |  0
|  23|0x00000000c4900000, 0x00000000c4900000, 0x00000000c4a00000|  0%| F|  |TAMS 0x00000000c4900000| PB 0x00000000c4900000| Untracked |  0
|  24|0x00000000c4a00000, 0x00000000c4a00000, 0x00000000c4b00000|  0%| F|  |TAMS 0x00000000c4a00000| PB 0x00000000c4a00000| Untracked |  0
|  25|0x00000000c4b00000, 0x00000000c4b00000, 0x00000000c4c00000|  0%| F|  |TAMS 0x00000000c4b00000| PB 0x00000000c4b00000| Untracked |  0
|  26|0x00000000c4c00000, 0x00000000c4c00000, 0x00000000c4d00000|  0%| F|  |TAMS 0x00000000c4c00000| PB 0x00000000c4c00000| Untracked |  0
|  27|0x00000000c4d00000, 0x00000000c4d00000, 0x00000000c4e00000|  0%| F|  |TAMS 0x00000000c4d00000| PB 0x00000000c4d00000| Untracked |  0
|  28|0x00000000c4e00000, 0x00000000c4e00000, 0x00000000c4f00000|  0%| F|  |TAMS 0x00000000c4e00000| PB 0x00000000c4e00000| Untracked |  0
|  29|0x00000000c4f00000, 0x00000000c5000000, 0x00000000c5000000|100%| S|CS|TAMS 0x00000000c4f00000| PB 0x00000000c4f00000| Complete |  0
|  30|0x00000000c5000000, 0x00000000c5100000, 0x00000000c5100000|100%| S|CS|TAMS 0x00000000c5000000| PB 0x00000000c5000000| Complete |  0
|  31|0x00000000c5100000, 0x00000000c5200000, 0x00000000c5200000|100%| S|CS|TAMS 0x00000000c5100000| PB 0x00000000c5100000| Complete |  0
|  32|0x00000000c5200000, 0x00000000c5300000, 0x00000000c5300000|100%| S|CS|TAMS 0x00000000c5200000| PB 0x00000000c5200000| Complete |  0
|  33|0x00000000c5300000, 0x00000000c5300000, 0x00000000c5400000|  0%| F|  |TAMS 0x00000000c5300000| PB 0x00000000c5300000| Untracked |  0
|  34|0x00000000c5400000, 0x00000000c5400000, 0x00000000c5500000|  0%| F|  |TAMS 0x00000000c5400000| PB 0x00000000c5400000| Untracked |  0
|  35|0x00000000c5500000, 0x00000000c5500000, 0x00000000c5600000|  0%| F|  |TAMS 0x00000000c5500000| PB 0x00000000c5500000| Untracked |  0
|  36|0x00000000c5600000, 0x00000000c5600000, 0x00000000c5700000|  0%| F|  |TAMS 0x00000000c5600000| PB 0x00000000c5600000| Untracked |  0
|  37|0x00000000c5700000, 0x00000000c5700000, 0x00000000c5800000|  0%| F|  |TAMS 0x00000000c5700000| PB 0x00000000c5700000| Untracked |  0
|  38|0x00000000c5800000, 0x00000000c5800000, 0x00000000c5900000|  0%| F|  |TAMS 0x00000000c5800000| PB 0x00000000c5800000| Untracked |  0
|  39|0x00000000c5900000, 0x00000000c5900000, 0x00000000c5a00000|  0%| F|  |TAMS 0x00000000c5900000| PB 0x00000000c5900000| Untracked |  0
|  40|0x00000000c5a00000, 0x00000000c5a00000, 0x00000000c5b00000|  0%| F|  |TAMS 0x00000000c5a00000| PB 0x00000000c5a00000| Untracked |  0
|  41|0x00000000c5b00000, 0x00000000c5b00000, 0x00000000c5c00000|  0%| F|  |TAMS 0x00000000c5b00000| PB 0x00000000c5b00000| Untracked |  0
|  42|0x00000000c5c00000, 0x00000000c5c00000, 0x00000000c5d00000|  0%| F|  |TAMS 0x00000000c5c00000| PB 0x00000000c5c00000| Untracked |  0
|  43|0x00000000c5d00000, 0x00000000c5d00000, 0x00000000c5e00000|  0%| F|  |TAMS 0x00000000c5d00000| PB 0x00000000c5d00000| Untracked |  0
|  44|0x00000000c5e00000, 0x00000000c5e00000, 0x00000000c5f00000|  0%| F|  |TAMS 0x00000000c5e00000| PB 0x00000000c5e00000| Untracked |  0
|  45|0x00000000c5f00000, 0x00000000c5f00000, 0x00000000c6000000|  0%| F|  |TAMS 0x00000000c5f00000| PB 0x00000000c5f00000| Untracked |  0
|  46|0x00000000c6000000, 0x00000000c6000000, 0x00000000c6100000|  0%| F|  |TAMS 0x00000000c6000000| PB 0x00000000c6000000| Untracked |  0
|  47|0x00000000c6100000, 0x00000000c6100000, 0x00000000c6200000|  0%| F|  |TAMS 0x00000000c6100000| PB 0x00000000c6100000| Untracked |  0
|  48|0x00000000c6200000, 0x00000000c6200000, 0x00000000c6300000|  0%| F|  |TAMS 0x00000000c6200000| PB 0x00000000c6200000| Untracked |  0
|  49|0x00000000c6300000, 0x00000000c6300000, 0x00000000c6400000|  0%| F|  |TAMS 0x00000000c6300000| PB 0x00000000c6300000| Untracked |  0
|  50|0x00000000c6400000, 0x00000000c6400000, 0x00000000c6500000|  0%| F|  |TAMS 0x00000000c6400000| PB 0x00000000c6400000| Untracked |  0
|  51|0x00000000c6500000, 0x00000000c6500000, 0x00000000c6600000|  0%| F|  |TAMS 0x00000000c6500000| PB 0x00000000c6500000| Untracked |  0
|  52|0x00000000c6600000, 0x00000000c6600000, 0x00000000c6700000|  0%| F|  |TAMS 0x00000000c6600000| PB 0x00000000c6600000| Untracked |  0
|  53|0x00000000c6700000, 0x00000000c6700000, 0x00000000c6800000|  0%| F|  |TAMS 0x00000000c6700000| PB 0x00000000c6700000| Untracked |  0
|  54|0x00000000c6800000, 0x00000000c6800000, 0x00000000c6900000|  0%| F|  |TAMS 0x00000000c6800000| PB 0x00000000c6800000| Untracked |  0
|  55|0x00000000c6900000, 0x00000000c6900000, 0x00000000c6a00000|  0%| F|  |TAMS 0x00000000c6900000| PB 0x00000000c6900000| Untracked |  0
|  56|0x00000000c6a00000, 0x00000000c6a00000, 0x00000000c6b00000|  0%| F|  |TAMS 0x00000000c6a00000| PB 0x00000000c6a00000| Untracked |  0
|  57|0x00000000c6b00000, 0x00000000c6b00000, 0x00000000c6c00000|  0%| F|  |TAMS 0x00000000c6b00000| PB 0x00000000c6b00000| Untracked |  0
|  58|0x00000000c6c00000, 0x00000000c6c00000, 0x00000000c6d00000|  0%| F|  |TAMS 0x00000000c6c00000| PB 0x00000000c6c00000| Untracked |  0
|  59|0x00000000c6d00000, 0x00000000c6d00000, 0x00000000c6e00000|  0%| F|  |TAMS 0x00000000c6d00000| PB 0x00000000c6d00000| Untracked |  0
|  60|0x00000000c6e00000, 0x00000000c6e60e68, 0x00000000c6f00000| 37%| E|  |TAMS 0x00000000c6e00000| PB 0x00000000c6e00000| Complete |  0
|  61|0x00000000c6f00000, 0x00000000c7000000, 0x00000000c7000000|100%| E|CS|TAMS 0x00000000c6f00000| PB 0x00000000c6f00000| Complete |  0
| 972|0x00000000ffe00000, 0x00000000fff00000, 0x00000000fff00000|100%| O|  |TAMS 0x00000000ffe00000| PB 0x00000000ffe00000| Untracked |  0
| 973|0x00000000fff00000, 0x00000000fff1d1c0, 0x0000000100000000| 11%| O|  |TAMS 0x00000000fff00000| PB 0x00000000fff00000| Untracked |  0

Card table byte_map: [0x000002aa7ee00000,0x000002aa7eff0000] _byte_map_base: 0x000002aa7e7e7000

Marking Bits: (CMBitMap*) 0x000002aa763b1540
 Bits: [0x000002aa7eff0000, 0x000002aa7ff28000)

Polling page: 0x000002aa74120000

Metaspace:

Usage:
  Non-class:     17.69 MB used.
      Class:      1.88 MB used.
       Both:     19.57 MB used.

Virtual space:
  Non-class space:       64.00 MB reserved,      17.81 MB ( 28%) committed,  1 nodes.
      Class space:        1.00 GB reserved,       2.00 MB ( <1%) committed,  1 nodes.
             Both:        1.06 GB reserved,      19.81 MB (  2%) committed. 

Chunk freelists:
   Non-Class:  13.56 MB
       Class:  14.03 MB
        Both:  27.59 MB

MaxMetaspaceSize: unlimited
CompressedClassSpaceSize: 1.00 GB
Initial GC threshold: 21.00 MB
Current GC threshold: 21.00 MB
CDS: on
 - commit_granule_bytes: 65536.
 - commit_granule_words: 8192.
 - virtual_space_node_default_size: 8388608.
 - enlarge_chunks_in_place: 1.
UseCompressedClassPointers 1, UseCompactObjectHeaders 0
Narrow klass pointer bits 32, Max shift 3
Narrow klass base: 0x000002aa12000000, Narrow klass shift: 0
Encoding Range: [0x000002aa12000000 - 0x000002ab12000000), (4294967296 bytes)
Klass Range:    [0x000002aa12000000 - 0x000002aa53000000), (1090519040 bytes)
Klass ID Range:  [8 - 1090519033) (1090519025)


Internal statistics:

num_allocs_failed_limit: 0.
num_arena_births: 228.
num_arena_deaths: 0.
num_vsnodes_births: 2.
num_vsnodes_deaths: 0.
num_space_committed: 317.
num_space_uncommitted: 0.
num_chunks_returned_to_freelist: 0.
num_chunks_taken_from_freelist: 822.
num_chunk_merges: 0.
num_chunk_splits: 584.
num_chunks_enlarged: 460.
num_inconsistent_stats: 0.

CodeHeap 'non-profiled nmethods': size=120064Kb used=889Kb max_used=889Kb free=119174Kb
 bounds [0x000002aa07ac0000, 0x000002aa07d30000, 0x000002aa0f000000]
CodeHeap 'profiled nmethods': size=120000Kb used=5076Kb max_used=5076Kb free=114923Kb
 bounds [0x000002aa00000000, 0x000002aa00500000, 0x000002aa07530000]
CodeHeap 'non-nmethods': size=5696Kb used=1493Kb max_used=1526Kb free=4202Kb
 bounds [0x000002aa07530000, 0x000002aa077a0000, 0x000002aa07ac0000]
CodeCache: size=245760Kb, used=7458Kb, max_used=7491Kb, free=238299Kb
 total_blobs=3519, nmethods=2990, adapters=433, full_count=0
Compilation: enabled, stopped_count=0, restarted_count=0

Compilation events (20 events):
Event: 3.239 Thread 0x000002aa115b0c60 2895       3       org.springframework.beans.factory.BeanFactoryUtils::isFactoryDereference (27 bytes)
Event: 3.239 Thread 0x000002aa115b0c60 nmethod 2895 0x000002aa004c5b88 code [0x000002aa004c5d00, 0x000002aa004c6510]
Event: 3.239 Thread 0x000002aa115b0c60 2896       1       org.springframework.beans.factory.support.RootBeanDefinition::getDecoratedDefinition (5 bytes)
Event: 3.239 Thread 0x000002aa115b0c60 nmethod 2896 0x000002aa07b9cb08 code [0x000002aa07b9cc00, 0x000002aa07b9ccc8]
Event: 3.240 Thread 0x000002aa115b0c60 2897       3       org.springframework.context.annotation.ConfigurationClassParser$$Lambda/0x000002aa13196e78::test (8 bytes)
Event: 3.241 Thread 0x000002aa115b0c60 nmethod 2897 0x000002aa004c6588 code [0x000002aa004c66e0, 0x000002aa004c6cf0]
Event: 3.241 Thread 0x000002aa115b0c60 2898       3       org.springframework.beans.factory.support.DefaultSingletonBeanRegistry::containsSingleton (11 bytes)
Event: 3.241 Thread 0x000002aa115b0c60 nmethod 2898 0x000002aa004c6d88 code [0x000002aa004c6ea0, 0x000002aa004c7078]
Event: 3.248 Thread 0x000002aa115b0c60 2900       3       org.springframework.boot.autoconfigure.condition.FilteringSpringBootCondition$ClassNameFilter$2::matches (14 bytes)
Event: 3.248 Thread 0x000002aa115b0c60 nmethod 2900 0x000002aa004c7108 code [0x000002aa004c7280, 0x000002aa004c76c0]
Event: 3.251 Thread 0x000002aa115b0c60 2901       3       org.springframework.boot.type.classreading.ConcurrentReferenceCachingMetadataReaderFactory::getMetadataReader (38 bytes)
Event: 3.251 Thread 0x000002aa115b0c60 nmethod 2901 0x000002aa004c7708 code [0x000002aa004c7860, 0x000002aa004c7c98]
Event: 3.254 Thread 0x000002aa115b0c60 2902       3       org.springframework.context.annotation.ConfigurationClassParser$SourceClass::hashCode (13 bytes)
Event: 3.254 Thread 0x000002aa115b0c60 nmethod 2902 0x000002aa004c7d08 code [0x000002aa004c7e40, 0x000002aa004c80d0]
Event: 3.257 Thread 0x000002aa115b0c60 2903       3       org.springframework.core.annotation.TypeMappedAnnotation::getValue (151 bytes)
Event: 3.258 Thread 0x000002aa115b0c60 nmethod 2903 0x000002aa004c8108 code [0x000002aa004c82c0, 0x000002aa004c8d98]
Event: 3.281 Thread 0x000002aa115b0c60 2904   !   3       org.springframework.context.annotation.ConfigurationClassParser::asSourceClass (86 bytes)
Event: 3.282 Thread 0x000002aa115b0c60 nmethod 2904 0x000002aa004c8e08 code [0x000002aa004c8fe0, 0x000002aa004c9900]
Event: 3.287 Thread 0x000002aa115b0c60 2905       3       java.io.FilterInputStream::read (11 bytes)
Event: 3.287 Thread 0x000002aa115b0c60 nmethod 2905 0x000002aa004c9988 code [0x000002aa004c9aa0, 0x000002aa004c9c70]

GC Heap History (4 events):
Event: 1.701 GC heap before
{Heap before GC invocations=0 (full 0):
 garbage-first heap   total reserved 997376K, committed 65536K, used 31860K [0x00000000c3200000, 0x0000000100000000)
  region size 1024K, 28 young (28672K), 0 survivors (0K)
 Metaspace       used 7168K, committed 7424K, reserved 1114112K
  class space    used 711K, committed 832K, reserved 1048576K
}
Event: 1.712 GC heap after
{Heap after GC invocations=1 (full 0):
 garbage-first heap   total reserved 997376K, committed 65536K, used 9428K [0x00000000c3200000, 0x0000000100000000)
  region size 1024K, 4 young (4096K), 4 survivors (4096K)
 Metaspace       used 7168K, committed 7424K, reserved 1114112K
  class space    used 711K, committed 832K, reserved 1048576K
}
Event: 2.445 GC heap before
{Heap before GC invocations=1 (full 0):
 garbage-first heap   total reserved 997376K, committed 65536K, used 31956K [0x00000000c3200000, 0x0000000100000000)
  region size 1024K, 27 young (27648K), 4 survivors (4096K)
 Metaspace       used 14086K, committed 14272K, reserved 1114112K
  class space    used 1352K, committed 1408K, reserved 1048576K
}
Event: 2.450 GC heap after
{Heap after GC invocations=2 (full 0):
 garbage-first heap   total reserved 997376K, committed 65536K, used 11832K [0x00000000c3200000, 0x0000000100000000)
  region size 1024K, 3 young (3072K), 3 survivors (3072K)
 Metaspace       used 14086K, committed 14272K, reserved 1114112K
  class space    used 1352K, committed 1408K, reserved 1048576K
}

Dll operation events (10 events):
Event: 0.037 Loaded shared library C:\Program Files\Java\jdk-24\bin\java.dll
Event: 0.085 Loaded shared library C:\Program Files\Java\jdk-24\bin\jsvml.dll
Event: 0.349 Loaded shared library C:\Program Files\Java\jdk-24\bin\zip.dll
Event: 0.356 Loaded shared library C:\Program Files\Java\jdk-24\bin\instrument.dll
Event: 0.364 Loaded shared library C:\Program Files\Java\jdk-24\bin\net.dll
Event: 0.368 Loaded shared library C:\Program Files\Java\jdk-24\bin\nio.dll
Event: 0.373 Loaded shared library C:\Program Files\Java\jdk-24\bin\zip.dll
Event: 0.586 Loaded shared library C:\Program Files\Java\jdk-24\bin\extnet.dll
Event: 0.656 Loaded shared library C:\Program Files\Java\jdk-24\bin\jimage.dll
Event: 2.914 Loaded shared library C:\Program Files\Java\jdk-24\bin\sunmscapi.dll

Deoptimization events (20 events):
Event: 3.061 Thread 0x000002aa741cdad0 DEOPT PACKING pc=0x000002aa0042dd69 sp=0x000000c73a8fe7f0
Event: 3.061 Thread 0x000002aa741cdad0 DEOPT UNPACKING pc=0x000002aa07586642 sp=0x000000c73a8fdce0 mode 0
Event: 3.062 Thread 0x000002aa741cdad0 DEOPT PACKING pc=0x000002aa0042dd69 sp=0x000000c73a8fe7f0
Event: 3.062 Thread 0x000002aa741cdad0 DEOPT UNPACKING pc=0x000002aa07586642 sp=0x000000c73a8fdce0 mode 0
Event: 3.062 Thread 0x000002aa741cdad0 DEOPT PACKING pc=0x000002aa0042dd69 sp=0x000000c73a8fe7f0
Event: 3.062 Thread 0x000002aa741cdad0 DEOPT UNPACKING pc=0x000002aa07586642 sp=0x000000c73a8fdce0 mode 0
Event: 3.062 Thread 0x000002aa741cdad0 DEOPT PACKING pc=0x000002aa0042dd69 sp=0x000000c73a8fe7f0
Event: 3.062 Thread 0x000002aa741cdad0 DEOPT UNPACKING pc=0x000002aa07586642 sp=0x000000c73a8fdce0 mode 0
Event: 3.062 Thread 0x000002aa741cdad0 DEOPT PACKING pc=0x000002aa0042dd69 sp=0x000000c73a8fe7f0
Event: 3.062 Thread 0x000002aa741cdad0 DEOPT UNPACKING pc=0x000002aa07586642 sp=0x000000c73a8fdce0 mode 0
Event: 3.063 Thread 0x000002aa741cdad0 DEOPT PACKING pc=0x000002aa0042dd69 sp=0x000000c73a8fe7f0
Event: 3.063 Thread 0x000002aa741cdad0 DEOPT UNPACKING pc=0x000002aa07586642 sp=0x000000c73a8fdce0 mode 0
Event: 3.063 Thread 0x000002aa741cdad0 DEOPT PACKING pc=0x000002aa0042dd69 sp=0x000000c73a8fe7f0
Event: 3.063 Thread 0x000002aa741cdad0 DEOPT UNPACKING pc=0x000002aa07586642 sp=0x000000c73a8fdce0 mode 0
Event: 3.063 Thread 0x000002aa741cdad0 DEOPT PACKING pc=0x000002aa0042dd69 sp=0x000000c73a8fe7f0
Event: 3.063 Thread 0x000002aa741cdad0 DEOPT UNPACKING pc=0x000002aa07586642 sp=0x000000c73a8fdce0 mode 0
Event: 3.125 Thread 0x000002aa741cdad0 Uncommon trap: trap_request=0xffffff4d fr.pc=0x000002aa07b7df94 relative=0x0000000000000bd4
Event: 3.125 Thread 0x000002aa741cdad0 Uncommon trap: reason=unstable_if action=reinterpret pc=0x000002aa07b7df94 method=jdk.internal.jimage.ImageStringsReader.stringFromByteBufferMatches(Ljava/nio/ByteBuffer;ILjava/lang/String;I)I @ 48 c2
Event: 3.125 Thread 0x000002aa741cdad0 DEOPT PACKING pc=0x000002aa07b7df94 sp=0x000000c73a8fe1b0
Event: 3.125 Thread 0x000002aa741cdad0 DEOPT UNPACKING pc=0x000002aa07653282 sp=0x000000c73a8fdee8 mode 2

Classes loaded (20 events):
Event: 2.916 Loading class com/sun/security/sasl/Provider$ProviderService
Event: 2.916 Loading class com/sun/security/sasl/Provider$ProviderService done
Event: 2.916 Loading class sun/security/provider/certpath/ldap/JdkLDAP
Event: 2.916 Loading class sun/security/provider/certpath/ldap/JdkLDAP done
Event: 2.916 Loading class sun/security/provider/certpath/ldap/JdkLDAP$ProviderService
Event: 2.916 Loading class sun/security/provider/certpath/ldap/JdkLDAP$ProviderService done
Event: 2.933 Loading class java/lang/Thread$ThreadNumbering
Event: 2.933 Loading class java/lang/Thread$ThreadNumbering done
Event: 2.963 Loading class javax/naming/ldap/LdapContext
Event: 2.963 Loading class javax/naming/directory/DirContext
Event: 2.963 Loading class javax/naming/directory/DirContext done
Event: 2.963 Loading class javax/naming/ldap/LdapContext done
Event: 3.072 Loading class java/lang/invoke/TypeConvertingMethodAdapter$BoxHolder
Event: 3.072 Loading class java/lang/invoke/TypeConvertingMethodAdapter$BoxHolder done
Event: 3.166 Loading class java/util/stream/Streams$ConcatSpliterator$OfRef
Event: 3.167 Loading class java/util/stream/Streams$ConcatSpliterator
Event: 3.167 Loading class java/util/stream/Streams$ConcatSpliterator done
Event: 3.167 Loading class java/util/stream/Streams$ConcatSpliterator$OfRef done
Event: 3.167 Loading class java/util/stream/Streams$2
Event: 3.167 Loading class java/util/stream/Streams$2 done

Classes unloaded (0 events):
No events

Classes redefined (0 events):
No events

Internal exceptions (20 events):
Event: 1.752 Thread 0x000002aa741cdad0 Exception <a 'java/lang/NoSuchMethodError'{0x00000000c6e19a18}: 'void java.lang.invoke.DirectMethodHandle$Holder.invokeInterface(java.lang.Object, java.lang.Object, java.lang.Object)'> (0x00000000c6e19a18) 
thrown [s\open\src\hotspot\share\interpreter\linkResolver.cpp, line 805]
Event: 1.775 Thread 0x000002aa741cdad0 Exception <a 'java/lang/NoSuchMethodError'{0x00000000c6e994f8}: 'void java.lang.invoke.DirectMethodHandle$Holder.invokeStatic(java.lang.Object, java.lang.Object, int)'> (0x00000000c6e994f8) 
thrown [s\open\src\hotspot\share\interpreter\linkResolver.cpp, line 805]
Event: 1.799 Thread 0x000002aa741cdad0 Exception <a 'java/lang/NoSuchMethodError'{0x00000000c6d00c38}: 'void java.lang.invoke.DirectMethodHandle$Holder.invokeStaticInit(java.lang.Object, java.lang.Object, java.lang.Object)'> (0x00000000c6d00c38) 
thrown [s\open\src\hotspot\share\interpreter\linkResolver.cpp, line 805]
Event: 1.813 Thread 0x000002aa741cdad0 Exception <a 'java/lang/NoSuchMethodError'{0x00000000c6d56398}: 'java.lang.Object java.lang.invoke.DirectMethodHandle$Holder.invokeVirtual(java.lang.Object, java.lang.Object, java.lang.Object)'> (0x00000000c6d56398) 
thrown [s\open\src\hotspot\share\interpreter\linkResolver.cpp, line 805]
Event: 1.843 Thread 0x000002aa741cdad0 Exception <a 'java/lang/NoSuchMethodError'{0x00000000c6c1fb18}: 'void java.lang.invoke.DirectMethodHandle$Holder.invokeVirtual(java.lang.Object, java.lang.Object, java.lang.Object, java.lang.Object)'> (0x00000000c6c1fb18) 
thrown [s\open\src\hotspot\share\interpreter\linkResolver.cpp, line 805]
Event: 1.965 Thread 0x000002aa5797f500 Exception <a 'java/lang/NoClassDefFoundError'{0x00000000c69fcc00}: jakarta/validation/Validation> (0x00000000c69fcc00) 
thrown [s\open\src\hotspot\share\classfile\systemDictionary.cpp, line 316]
Event: 1.985 Thread 0x000002aa741cdad0 Exception <a 'java/lang/IncompatibleClassChangeError'{0x00000000c6755a28}: Found class java.lang.Object, but interface was expected> (0x00000000c6755a28) 
thrown [s\open\src\hotspot\share\interpreter\linkResolver.cpp, line 872]
Event: 1.994 Thread 0x000002aa741cdad0 Exception <a 'java/lang/NoSuchMethodError'{0x00000000c676d0f0}: 'int java.lang.invoke.DirectMethodHandle$Holder.invokeVirtual(java.lang.Object, java.lang.Object)'> (0x00000000c676d0f0) 
thrown [s\open\src\hotspot\share\interpreter\linkResolver.cpp, line 805]
Event: 2.329 Thread 0x000002aa741cdad0 Implicit null exception at 0x000002aa07ad7f1d to 0x000002aa07ad7f99
Event: 2.543 Thread 0x000002aa741cdad0 Exception <a 'java/lang/NoSuchMethodError'{0x00000000c6b3ca00}: 'int java.lang.invoke.DirectMethodHandle$Holder.invokeSpecial(java.lang.Object, java.lang.Object, java.lang.Object, java.lang.Object, java.lang.Object)'> (0x00000000c6b3ca00) 
thrown [s\open\src\hotspot\share\interpreter\linkResolver.cpp, line 805]
Event: 2.549 Thread 0x000002aa741cdad0 Exception <a 'java/lang/NoSuchMethodError'{0x00000000c6b4e840}: 'void java.lang.invoke.DirectMethodHandle$Holder.invokeVirtual(java.lang.Object, java.lang.Object)'> (0x00000000c6b4e840) 
thrown [s\open\src\hotspot\share\interpreter\linkResolver.cpp, line 805]
Event: 2.694 Thread 0x000002aa5797f500 Exception <a 'java/lang/NoSuchMethodError'{0x00000000c65e92a8}: 'long java.lang.invoke.DirectMethodHandle$Holder.invokeSpecial(java.lang.Object, java.lang.Object)'> (0x00000000c65e92a8) 
thrown [s\open\src\hotspot\share\interpreter\linkResolver.cpp, line 805]
Event: 2.696 Thread 0x000002aa5797f500 Exception <a 'java/lang/NoSuchMethodError'{0x00000000c640a788}: 'long java.lang.invoke.DirectMethodHandle$Holder.invokeStatic(java.lang.Object, java.lang.Object)'> (0x00000000c640a788) 
thrown [s\open\src\hotspot\share\interpreter\linkResolver.cpp, line 805]
Event: 2.697 Thread 0x000002aa5797f500 Exception <a 'java/lang/NoSuchMethodError'{0x00000000c64124f8}: 'long java.lang.invoke.DirectMethodHandle$Holder.invokeStaticInit(java.lang.Object, java.lang.Object)'> (0x00000000c64124f8) 
thrown [s\open\src\hotspot\share\interpreter\linkResolver.cpp, line 805]
Event: 2.700 Thread 0x000002aa5797f500 Exception <a 'java/lang/NoSuchMethodError'{0x00000000c6438670}: 'long java.lang.invoke.DirectMethodHandle$Holder.invokeInterface(java.lang.Object, java.lang.Object)'> (0x00000000c6438670) 
thrown [s\open\src\hotspot\share\interpreter\linkResolver.cpp, line 805]
Event: 2.701 Thread 0x000002aa5797f500 Exception <a 'java/lang/IncompatibleClassChangeError'{0x00000000c64402f0}: Found class java.lang.Object, but interface was expected> (0x00000000c64402f0) 
thrown [s\open\src\hotspot\share\interpreter\linkResolver.cpp, line 872]
Event: 2.709 Thread 0x000002aa5797f500 Exception <a 'java/lang/NoSuchMethodError'{0x00000000c645cba0}: 'java.lang.Object java.lang.invoke.DirectMethodHandle$Holder.invokeVirtual(java.lang.Object, java.lang.Object, java.lang.Object, java.lang.Object)'> (0x00000000c645cba0) 
thrown [s\open\src\hotspot\share\interpreter\linkResolver.cpp, line 805]
Event: 2.747 Thread 0x000002aa5797f500 Exception <a 'java/lang/NoSuchMethodError'{0x00000000c6382358}: 'java.lang.Object java.lang.invoke.DirectMethodHandle$Holder.newInvokeSpecial(java.lang.Object, java.lang.Object, java.lang.Object, int)'> (0x00000000c6382358) 
thrown [s\open\src\hotspot\share\interpreter\linkResolver.cpp, line 805]
Event: 2.749 Thread 0x000002aa5797f500 Exception <a 'java/lang/NoSuchMethodError'{0x00000000c638ae38}: 'java.lang.Object java.lang.invoke.Invokers$Holder.linkToTargetMethod(java.lang.Object, java.lang.Object, int, java.lang.Object)'> (0x00000000c638ae38) 
thrown [s\open\src\hotspot\share\interpreter\linkResolver.cpp, line 805]
Event: 3.056 Thread 0x000002aa741cdad0 Exception <a 'java/lang/IncompatibleClassChangeError'{0x00000000c5a404f0}: Found class java.lang.Object, but interface was expected> (0x00000000c5a404f0) 
thrown [s\open\src\hotspot\share\interpreter\linkResolver.cpp, line 872]

VM Operations (20 events):
Event: 1.948 Executing VM operation: HandshakeAllThreads (Deoptimize)
Event: 1.948 Executing VM operation: HandshakeAllThreads (Deoptimize) done
Event: 2.390 Executing VM operation: HandshakeAllThreads (Deoptimize)
Event: 2.390 Executing VM operation: HandshakeAllThreads (Deoptimize) done
Event: 2.445 Executing VM operation: G1CollectForAllocation (G1 Evacuation Pause)
Event: 2.450 Executing VM operation: G1CollectForAllocation (G1 Evacuation Pause) done
Event: 2.488 Executing VM operation: HandshakeAllThreads (Deoptimize)
Event: 2.488 Executing VM operation: HandshakeAllThreads (Deoptimize) done
Event: 2.509 Executing VM operation: HandshakeAllThreads (Deoptimize)
Event: 2.509 Executing VM operation: HandshakeAllThreads (Deoptimize) done
Event: 2.803 Executing VM operation: HandshakeAllThreads (Deoptimize)
Event: 2.803 Executing VM operation: HandshakeAllThreads (Deoptimize) done
Event: 2.869 Executing VM operation: HandshakeAllThreads (Deoptimize)
Event: 2.870 Executing VM operation: HandshakeAllThreads (Deoptimize) done
Event: 2.885 Executing VM operation: HandshakeAllThreads (Deoptimize)
Event: 2.885 Executing VM operation: HandshakeAllThreads (Deoptimize) done
Event: 2.886 Executing VM operation: HandshakeAllThreads (Deoptimize)
Event: 2.886 Executing VM operation: HandshakeAllThreads (Deoptimize) done
Event: 3.066 Executing VM operation: HandshakeAllThreads (Deoptimize)
Event: 3.066 Executing VM operation: HandshakeAllThreads (Deoptimize) done

Memory protections (0 events):
No events

Nmethod flushes (0 events):
No events

Events (16 events):
Event: 0.065 Thread 0x000002aa741cdad0 Thread added: 0x000002aa741cdad0
Event: 0.079 Thread 0x000002aa741cdad0 Thread added: 0x000002aa11580bb0
Event: 0.079 Thread 0x000002aa741cdad0 Thread added: 0x000002aa11582870
Event: 0.081 Thread 0x000002aa741cdad0 Thread added: 0x000002aa115847d0
Event: 0.081 Thread 0x000002aa741cdad0 Thread added: 0x000002aa11587410
Event: 0.081 Thread 0x000002aa741cdad0 Thread added: 0x000002aa11588030
Event: 0.081 Thread 0x000002aa741cdad0 Thread added: 0x000002aa115893f0
Event: 0.082 Thread 0x000002aa741cdad0 Thread added: 0x000002aa11592000
Event: 0.083 Thread 0x000002aa741cdad0 Thread added: 0x000002aa115b0c60
Event: 0.361 Thread 0x000002aa741cdad0 Thread added: 0x000002aa117bacd0
Event: 0.560 Thread 0x000002aa741cdad0 Thread added: 0x000002aa118be830
Event: 0.560 Thread 0x000002aa741cdad0 Thread added: 0x000002aa11a5ccb0
Event: 1.959 Thread 0x000002aa741cdad0 Thread added: 0x000002aa5797f500
Event: 2.922 Thread 0x000002aa5797f500 Thread exited: 0x000002aa5797f500
Event: 2.933 Thread 0x000002aa741cdad0 Thread added: 0x000002aa5797f500
Event: 3.015 Thread 0x000002aa5797f500 Thread exited: 0x000002aa5797f500


Dynamic libraries:
0x00007ff719440000 - 0x00007ff719450000 	C:\Program Files\Java\jdk-24\bin\java.exe
0x00007ffef6180000 - 0x00007ffef6370000 	C:\Windows\SYSTEM32\ntdll.dll
0x00007ffef47e0000 - 0x00007ffef4892000 	C:\Windows\System32\KERNEL32.DLL
0x00007ffef3260000 - 0x00007ffef3503000 	C:\Windows\System32\KERNELBASE.dll
0x00007ffef3510000 - 0x00007ffef360a000 	C:\Windows\System32\ucrtbase.dll
0x00007ffeec8d0000 - 0x00007ffeec8eb000 	C:\Program Files\Java\jdk-24\bin\VCRUNTIME140.dll
0x00007ffeeb0d0000 - 0x00007ffeeb0e6000 	C:\Program Files\Java\jdk-24\bin\jli.dll
0x00007ffef4440000 - 0x00007ffef45d4000 	C:\Windows\System32\USER32.dll
0x00007ffee2210000 - 0x00007ffee2495000 	C:\Windows\WinSxS\amd64_microsoft.windows.common-controls_6595b64144ccf1df_6.0.18362.719_none_e6c7b883130c6729\COMCTL32.dll
0x00007ffef6000000 - 0x00007ffef609e000 	C:\Windows\System32\msvcrt.dll
0x00007ffef5370000 - 0x00007ffef56a6000 	C:\Windows\System32\combase.dll
0x00007ffef4150000 - 0x00007ffef4171000 	C:\Windows\System32\win32u.dll
0x00007ffef48a0000 - 0x00007ffef49c0000 	C:\Windows\System32\RPCRT4.dll
0x00007ffef56b0000 - 0x00007ffef56d6000 	C:\Windows\System32\GDI32.dll
0x00007ffef3e50000 - 0x00007ffef3ed0000 	C:\Windows\System32\bcryptPrimitives.dll
0x00007ffef3f00000 - 0x00007ffef4094000 	C:\Windows\System32\gdi32full.dll
0x00007ffef3610000 - 0x00007ffef36ae000 	C:\Windows\System32\msvcp_win.dll
0x00007ffef45e0000 - 0x00007ffef460e000 	C:\Windows\System32\IMM32.DLL
0x00007ffeef7a0000 - 0x00007ffeef7ac000 	C:\Program Files\Java\jdk-24\bin\vcruntime140_1.dll
0x00007ffeeaff0000 - 0x00007ffeeb07e000 	C:\Program Files\Java\jdk-24\bin\msvcp140.dll
0x00007ffe99d50000 - 0x00007ffe9aaf2000 	C:\Program Files\Java\jdk-24\bin\server\jvm.dll
0x00007ffef46d0000 - 0x00007ffef4773000 	C:\Windows\System32\ADVAPI32.dll
0x00007ffef60a0000 - 0x00007ffef6137000 	C:\Windows\System32\sechost.dll
0x00007ffef30c0000 - 0x00007ffef310a000 	C:\Windows\System32\POWRPROF.dll
0x00007ffef3040000 - 0x00007ffef3050000 	C:\Windows\System32\UMPDC.dll
0x00007ffef4a20000 - 0x00007ffef4a8f000 	C:\Windows\System32\WS2_32.dll
0x00007ffeeac20000 - 0x00007ffeeac2a000 	C:\Windows\SYSTEM32\VERSION.dll
0x00007ffeef970000 - 0x00007ffeef994000 	C:\Windows\SYSTEM32\WINMM.dll
0x00007ffeef940000 - 0x00007ffeef96d000 	C:\Windows\SYSTEM32\WINMMBASE.dll
0x00007ffef4180000 - 0x00007ffef41ca000 	C:\Windows\System32\cfgmgr32.dll
0x00007ffef3050000 - 0x00007ffef3061000 	C:\Windows\System32\kernel.appcore.dll
0x00007ffeed670000 - 0x00007ffeed67a000 	C:\Program Files\Java\jdk-24\bin\jimage.dll
0x00007ffef1820000 - 0x00007ffef1a14000 	C:\Windows\SYSTEM32\DBGHELP.DLL
0x00007ffedb5d0000 - 0x00007ffedb5fa000 	C:\Windows\SYSTEM32\dbgcore.DLL
0x00007ffeec960000 - 0x00007ffeec96f000 	C:\Program Files\Java\jdk-24\bin\instrument.dll
0x00007ffeeb090000 - 0x00007ffeeb0ae000 	C:\Program Files\Java\jdk-24\bin\java.dll
0x00007ffef57d0000 - 0x00007ffef5927000 	C:\Windows\System32\ole32.dll
0x00007ffef4c80000 - 0x00007ffef5365000 	C:\Windows\System32\SHELL32.dll
0x00007ffef4bd0000 - 0x00007ffef4c79000 	C:\Windows\System32\shcore.dll
0x00007ffef36d0000 - 0x00007ffef3e50000 	C:\Windows\System32\windows.storage.dll
0x00007ffef3070000 - 0x00007ffef3093000 	C:\Windows\System32\profapi.dll
0x00007ffef4780000 - 0x00007ffef47d2000 	C:\Windows\System32\shlwapi.dll
0x00007ffef36b0000 - 0x00007ffef36c7000 	C:\Windows\System32\cryptsp.dll
0x00007ffed8e60000 - 0x00007ffed8f37000 	C:\Program Files\Java\jdk-24\bin\jsvml.dll
0x00007ffeeae90000 - 0x00007ffeeaea7000 	C:\Program Files\Java\jdk-24\bin\zip.dll
0x00007ffeec8c0000 - 0x00007ffeec8d0000 	C:\Program Files\Java\jdk-24\bin\net.dll
0x00007ffef2850000 - 0x00007ffef28b7000 	C:\Windows\system32\mswsock.dll
0x00007ffeea1a0000 - 0x00007ffeea1b6000 	C:\Program Files\Java\jdk-24\bin\nio.dll
0x00007ffeec590000 - 0x00007ffeec599000 	C:\Program Files\Java\jdk-24\bin\extnet.dll
0x00007ffeec3b0000 - 0x00007ffeec3be000 	C:\Program Files\Java\jdk-24\bin\sunmscapi.dll
0x00007ffef3110000 - 0x00007ffef3259000 	C:\Windows\System32\CRYPT32.dll
0x00007ffef30a0000 - 0x00007ffef30b2000 	C:\Windows\System32\MSASN1.dll
0x00007ffef2b20000 - 0x00007ffef2b46000 	C:\Windows\SYSTEM32\ncrypt.dll
0x00007ffef3ed0000 - 0x00007ffef3ef6000 	C:\Windows\System32\bcrypt.dll
0x00007ffef2ae0000 - 0x00007ffef2b1b000 	C:\Windows\SYSTEM32\NTASN1.dll

JVMTI agents:
C:\Program Files\JetBrains\IntelliJ IDEA Community Edition 2025.1.1.1\lib\idea_rt.jar path:C:\Program Files\Java\jdk-24\bin\instrument.dll, loaded, initialized, instrumentlib options:60280

dbghelp: loaded successfully - version: 4.0.5 - missing functions: none
symbol engine: initialized successfully - sym options: 0x614 - pdb path: .;C:\Program Files\Java\jdk-24\bin;C:\Windows\SYSTEM32;C:\Windows\WinSxS\amd64_microsoft.windows.common-controls_6595b64144ccf1df_6.0.18362.719_none_e6c7b883130c6729;C:\Program Files\Java\jdk-24\bin\server

VM Arguments:
jvm_args: -javaagent:C:\Program Files\JetBrains\IntelliJ IDEA Community Edition 2025.1.1.1\lib\idea_rt.jar=60280 -Dfile.encoding=UTF-8 -Dsun.stdout.encoding=UTF-8 -Dsun.stderr.encoding=UTF-8 
java_command: com.userlogin.flightbooking.FlightbookingApplication
java_class_path (initial): C:\Users\user\Downloads\flightbooking\flightbooking\target\classes;C:\Users\user\.m2\repository\org\springframework\boot\spring-boot-starter-data-jpa\3.5.0-RC1\spring-boot-starter-data-jpa-3.5.0-RC1.jar;C:\Users\user\.m2\repository\org\springframework\boot\spring-boot-starter\3.5.0-RC1\spring-boot-starter-3.5.0-RC1.jar;C:\Users\user\.m2\repository\org\springframework\boot\spring-boot\3.5.0-RC1\spring-boot-3.5.0-RC1.jar;C:\Users\user\.m2\repository\org\springframework\boot\spring-boot-autoconfigure\3.5.0-RC1\spring-boot-autoconfigure-3.5.0-RC1.jar;C:\Users\user\.m2\repository\org\springframework\boot\spring-boot-starter-logging\3.5.0-RC1\spring-boot-starter-logging-3.5.0-RC1.jar;C:\Users\user\.m2\repository\ch\qos\logback\logback-classic\1.5.18\logback-classic-1.5.18.jar;C:\Users\user\.m2\repository\ch\qos\logback\logback-core\1.5.18\logback-core-1.5.18.jar;C:\Users\user\.m2\repository\org\apache\logging\log4j\log4j-to-slf4j\2.24.3\log4j-to-slf4j-2.24.3.jar;C:\Users\user\.m2\repository\org\apache\logging\log4j\log4j-api\2.24.3\log4j-api-2.24.3.jar;C:\Users\user\.m2\repository\org\slf4j\jul-to-slf4j\2.0.17\jul-to-slf4j-2.0.17.jar;C:\Users\user\.m2\repository\jakarta\annotation\jakarta.annotation-api\2.1.1\jakarta.annotation-api-2.1.1.jar;C:\Users\user\.m2\repository\org\yaml\snakeyaml\2.4\snakeyaml-2.4.jar;C:\Users\user\.m2\repository\org\springframework\boot\spring-boot-starter-jdbc\3.5.0-RC1\spring-boot-starter-jdbc-3.5.0-RC1.jar;C:\Users\user\.m2\repository\com\zaxxer\HikariCP\6.3.0\HikariCP-6.3.0.jar;C:\Users\user\.m2\repository\org\springframework\spring-jdbc\6.2.6\spring-jdbc-6.2.6.jar;C:\Users\user\.m2\repository\org\hibernate\orm\hibernate-core\6.6.13.Final\hibernate-core-6.6.13.Final.jar;C:\Users\user\.m2\repository\jakarta\persistence\jakarta.persistence-api\3.1.0\jakarta.persistence-api-3.1.0.jar;C:\Users\user\.m2\repository\jakarta\transaction\jakarta.transaction-api\2.0.1\jakarta.transaction-api-2.0.1.jar;C:\Users\user\.m2\repository\org\jboss\logging\jboss-logging\3.6.1.Final\jboss-logging-3.6.1.Final.jar;C:\Users\user\.m2\repository\org\hibernate\common\hibernate-commons-annotations\7.0.3.Final\hibernate-commons-annotations-7.0.3.Final.jar;C:\Users\user\.m2\repository\io\smallrye\jandex\3.2.0\jandex-3.2.0.jar;C:\Users\user\.m2\repository\com\fasterxml\classmate\1.7.0\classmate-1.7.0.jar;C:\Users\user\.m2\repository\net\bytebuddy\byte-buddy\1.17.5\byte-buddy-1.17.5.jar;C:\Users\user\.m2\repository\org\glassfish\jaxb\jaxb-runtime\4.0.5\jaxb-runtime-4.0.5.jar;C:\Users\user\.m2\repository\org\glassfish\jaxb\jaxb-core\4.0.5\jaxb-core-4.0.5.jar;C:\Users\user\.m2\repository\org\glassfish\jaxb\txw2\4.0.5\txw2-4.0.5.jar;C:\Users\user\.m2\repository\com\sun\istack\istack-commons-runtime\4.1.2\istack-commons-runtime-4.1.2.jar;C:\Users\user\.m2\repository\jakarta\inject\jakarta.inject-api\2.0.1\jakarta.inject-api-2.0.1.jar;C:\Users\user\.m2\repository\org\antlr\antlr4-runtime\4.13.0\antlr4-runtime-4.13.0.jar;C:\Users\user\.m2\repository\org\springframework\data\spring-data-jpa\3.5.0-RC1\spring-data-jpa-3.5.0-RC1.jar;C:\Users\user\.m2\repository\org\springframework\data\spring-data-commons\3.5.0-RC1\spring-data-commons-3.5.0-RC1.jar;C:\Users\user\.m2\repository\org\springframework\spring-orm\6.2.6\spring-orm-6.2.6.jar;C:\Users\user\.m2\repository\org\springframework\spring-context\6.2.6\spring-context-6.2.6.jar;C:\Users\user\.m2\repository\org\springframework\spring-tx\6.2.6\spring-tx-6.2.6.jar;C:\Users\user\.m2\repository\org\springframework\spring-beans\6.2.6\spring-beans-6.2.6.jar;C:\Users\user\.m2\repository\org\slf4j\slf4j-api\2.0.17\slf4j-api-2.0.17.jar;C:\Users\user\.m2\repository\org\springframework\spring-aspects\6.2.6\spring-aspects-6.2.6.jar;C:\Users\user\.m2\repository\org\aspectj\aspectjweaver\1.9.24\aspectjweaver-1.9.24.jar;C:\Users\user\.m2\repository\org\springframework\boot\spring-boot-starter-mail\3.5.0-RC1\spring-boot-starter-mail-3.5.0-RC1.jar;C:\Users\user\.m2\repository\org\springframework\spring-context-support\6.2.6\spring-context-support-6.2.6.jar;C:\Users\user\.m2\repository\org\eclipse\angus\jakarta.mail\2.0.3\jakarta.mail-2.0.3.jar;C:\Users\user\.m2\repository\jakarta\activation\jakarta.activation-api\2.1.3\jakarta.activation-api-2.1.3.jar;C:\Users\user\.m2\repository\org\eclipse\angus\angus-activation\2.0.2\angus-activation-2.0.2.jar;C:\Users\user\.m2\repository\org\springframework\boot\spring-boot-starter-thymeleaf\3.5.0-RC1\spring-boot-starter-thymeleaf-3.5.0-RC1.jar;C:\Users\user\.m2\repository\org\thymeleaf\thymeleaf-spring6\3.1.3.RELEASE\thymeleaf-spring6-3.1.3.RELEASE.jar;C:\Users\user\.m2\repository\org\thymeleaf\thymeleaf\3.1.3.RELEASE\thymeleaf-3.1.3.RELEASE.jar;C:\Users\user\.m2\repository\org\attoparser\attoparser\2.0.7.RELEASE\attoparser-2.0.7.RELEASE.jar;C:\Users\user\.m2\repository\org\unbescape\unbescape\1.1.6.RELEASE\unbescape-1.1.6.RELEASE.jar;C:\Users\user\.m2\repository\com\bucket4j\bucket4j_jdk17-core\8.14.0\bucket4j_jdk17-core-8.14.0.jar;C:\Users\user\.m2\repository\org\springframework\boot\spring-boot-starter-security\3.5.0-RC1\spring-boot-starter-security-3.5.0-RC1.jar;C:\Users\user\.m2\repository\org\springframework\spring-aop\6.2.6\spring-aop-6.2.6.jar;C:\Users\user\.m2\repository\org\springframework\security\spring-security-config\6.5.0-RC1\spring-security-config-6.5.0-RC1.jar;C:\Users\user\.m2\repository\org\springframework\security\spring-security-web\6.5.0-RC1\spring-security-web-6.5.0-RC1.jar;C:\Users\user\.m2\repository\org\springframework\spring-expression\6.2.6\spring-expression-6.2.6.jar;C:\Users\user\.m2\repository\org\springframework\boot\spring-boot-starter-web\3.5.0-RC1\spring-boot-starter-web-3.5.0-RC1.jar;C:\Users\user\.m2\repository\org\springframework\boot\spring-boot-starter-json\3.5.0-RC1\spring-boot-starter-json-3.5.0-RC1.jar;C:\Users\user\.m2\repository\com\fasterxml\jackson\datatype\jackson-datatype-jdk8\2.18.3\jackson-datatype-jdk8-2.18.3.jar;C:\Users\user\.m2\repository\com\fasterxml\jackson\datatype\jackson-datatype-jsr310\2.18.3\jackson-datatype-jsr310-2.18.3.jar;C:\Users\user\.m2\repository\com\fasterxml\jackson\module\jackson-module-parameter-names\2.18.3\jackson-module-parameter-names-2.18.3.jar;C:\Users\user\.m2\repository\org\springframework\boot\spring-boot-starter-tomcat\3.5.0-RC1\spring-boot-starter-tomcat-3.5.0-RC1.jar;C:\Users\user\.m2\repository\org\apache\tomcat\embed\tomcat-embed-core\10.1.40\tomcat-embed-core-10.1.40.jar;C:\Users\user\.m2\repository\org\apache\tomcat\embed\tomcat-embed-el\10.1.40\tomcat-embed-el-10.1.40.jar;C:\Users\user\.m2\repository\org\apache\tomcat\embed\tomcat-embed-websocket\10.1.40\tomcat-embed-websocket-10.1.40.jar;C:\Users\user\.m2\repository\org\springframework\spring-web\6.2.6\spring-web-6.2.6.jar;C:\Users\user\.m2\repository\io\micrometer\micrometer-observation\1.15.0-RC1\micrometer-observation-1.15.0-RC1.jar;C:\Users\user\.m2\repository\io\micrometer\micrometer-commons\1.15.0-RC1\micrometer-commons-1.15.0-RC1.jar;C:\Users\user\.m2\repository\org\springframework\spring-webmvc\6.2.6\spring-webmvc-6.2.6.jar;C:\Users\user\.m2\repository\com\mysql\mysql-connector-j\9.2.0\mysql-connector-j-9.2.0.jar;C:\Users\user\.m2\repository\org\projectlombok\lombok\1.18.38\lombok-1.18.38.jar;C:\Users\user\.m2\repository\jakarta\xml\bind\jakarta.xml.bind-api\4.0.2\jakarta.xml.bind-api-4.0.2.jar;C:\Users\user\.m2\repository\org\springframework\spring-core\6.2.6\spring-core-6.2.6.jar;C:\Users\user\.m2\repository\org\springframework\spring-jcl\6.2.6\spring-jcl-6.2.6.jar;C:\Users\user\.m2\repository\org\springframework\security\spring-security-core\6.5.0-RC1\spring-security-core-6.5.0-RC1.jar;C:\Users\user\.m2\repository\org\springframework\security\spring-security-crypto\6.5.0-RC1\spring-security-crypto-6.5.0-RC1.jar;C:\Users\user\.m2\repository\io\jsonwebtoken\jjwt-api\0.11.5\jjwt-api-0.11.5.jar;C:\Users\user\.m2\repository\io\jsonwebtoken\jjwt-impl\0.11.5\jjwt-impl-0.11.5.jar;C:\Users\user\.m2\repository\io\jsonwebtoken\jjwt-jackson\0.11.5\jjwt-jackson-0.11.5.jar;C:\Users\user\.m2\repository\com\fasterxml\jackson\core\jackson-databind\2.18.3\jackson-databind-2.18.3.jar;C:\Users\user\.m2\repository\com\fasterxml\jackson\core\jackson-annotations\2.18.3\jackson-annotations-2.18.3.jar;C:\Users\user\.m2\repository\com\fasterxml\jackson\core\jackson-core\2.18.3\jackson-core-2.18.3.jar
Launcher Type: SUN_STANDARD

[Global flags]
     intx CICompilerCount                          = 3                                         {product} {ergonomic}
     uint ConcGCThreads                            = 1                                         {product} {ergonomic}
     uint G1ConcRefinementThreads                  = 4                                         {product} {ergonomic}
   size_t G1HeapRegionSize                         = 1048576                                   {product} {ergonomic}
   size_t InitialHeapSize                          = 65011712                                  {product} {ergonomic}
   size_t MarkStackSize                            = 4194304                                   {product} {ergonomic}
   size_t MarkStackSizeMax                         = 536870912                                 {product} {ergonomic}
   size_t MaxHeapSize                              = 1021313024                                {product} {ergonomic}
   size_t MaxNewSize                               = 612368384                                 {product} {ergonomic}
   size_t MinHeapDeltaBytes                        = 1048576                                   {product} {ergonomic}
   size_t MinHeapSize                              = 8388608                                   {product} {ergonomic}
    uintx NonNMethodCodeHeapSize                   = 5832704                                {pd product} {ergonomic}
    uintx NonProfiledCodeHeapSize                  = 122945536                              {pd product} {ergonomic}
    uintx ProfiledCodeHeapSize                     = 122880000                              {pd product} {ergonomic}
    uintx ReservedCodeCacheSize                    = 251658240                              {pd product} {ergonomic}
     bool SegmentedCodeCache                       = true                                      {product} {ergonomic}
   size_t SoftMaxHeapSize                          = 1021313024                             {manageable} {ergonomic}
     bool UseCompressedOops                        = true                           {product lp64_product} {ergonomic}
     bool UseG1GC                                  = true                                      {product} {ergonomic}
     bool UseLargePagesIndividualAllocation        = false                                  {pd product} {ergonomic}

Logging:
Log output configuration:
 #0: stdout all=warning uptime,level,tags foldmultilines=false
 #1: stderr all=off uptime,level,tags foldmultilines=false

Environment Variables:
JAVA_HOME=C:\Program Files\Java\jdk-19
PATH=C:\app\oracle\product\11.2.0\server\bin;;C:\Program Files\Common Files\Oracle\Java\javapath;C:\Windows\system32;C:\Windows;C:\Windows\System32\Wbem;C:\Windows\System32\WindowsPowerShell\v1.0\;C:\Windows\System32\OpenSSH\;C:\Program Files\Java\jdk-19\bin;C:\Program Files\Microsoft SQL Server\150\Tools\Binn\;C:\Program Files\Microsoft SQL Server\Client SDK\ODBC\170\Tools\Binn\;C:\Program Files\dotnet\;C:\Program Files\nodejs\;C:\Users\user\AppData\Local\Programs\Python\Python312\Scripts\;C:\Users\user\AppData\Local\Programs\Python\Python312\;C:\Users\user\AppData\Local\Programs\Python\Launcher\;C:\Users\user\AppData\Local\Microsoft\WindowsApps;;C:\Users\user\AppData\Local\Programs\Microsoft VS Code\bin;C:\Program Files\JetBrains\PyCharm Community Edition 2023.3.4\bin;;C:\Users\user\.dotnet\tools;C:\Users\user\AppData\Roaming\npm
USERNAME=user
OS=Windows_NT
PROCESSOR_IDENTIFIER=Intel64 Family 6 Model 126 Stepping 5, GenuineIntel
TMP=C:\Users\user\AppData\Local\Temp
TEMP=C:\Users\user\AppData\Local\Temp




Periodic native trim disabled

---------------  S Y S T E M  ---------------

OS:
 Windows 10 , 64 bit Build 18362 (10.0.18362.329)
OS uptime: 34 days 5:52 hours

CPU: total 4 (initial active 4) (2 cores per cpu, 2 threads per core) family 6 model 126 stepping 5 microcode 0x48, cx8, cmov, fxsr, ht, mmx, 3dnowpref, sse, sse2, sse3, ssse3, sse4.1, sse4.2, popcnt, lzcnt, tsc, tscinvbit, avx, avx2, aes, erms, clmul, bmi1, bmi2, adx, avx512f, avx512dq, avx512cd, avx512bw, avx512vl, sha, fma, vzeroupper, avx512_vpopcntdq, avx512_vpclmulqdq, avx512_vaes, avx512_vnni, clflush, clflushopt, avx512_vbmi2, avx512_vbmi, rdtscp, rdpid, fsrm, gfni, avx512_bitalg, f16c, pku, avx512_ifma
Processor Information for the first 4 processors :
  Max Mhz: 1190, Current Mhz: 1190, Mhz Limit: 1190

Memory: 4k page, system-wide physical 3891M (171M free)
TotalPageFile size 15667M (AvailPageFile size 15M)
current process WorkingSet (physical memory assigned to process): 130M, peak: 130M
current process commit charge ("private bytes"): 183M, peak: 187M

vm_info: Java HotSpot(TM) 64-Bit Server VM (24.0.1+9-30) for windows-amd64 JRE (24.0.1+9-30), built on 2025-03-05T07:23:45Z with MS VC++ 17.6 (VS2022)

END.
